#
# There is insufficient memory for the Java Runtime Environment to continue.
# Native memory allocation (malloc) failed to allocate 1107232 bytes for Chunk::new
# Possible reasons:
#   The system is out of physical RAM or swap space
#   The process is running with CompressedOops enabled, and the Java Heap may be blocking the growth of the native heap
# Possible solutions:
#   Reduce memory load on the system
#   Increase physical memory or swap space
#   Check if swap backing store is full
#   Decrease Java heap size (-Xmx/-Xms)
#   Decrease number of Java threads
#   Decrease Java thread stack sizes (-Xss)
#   Set larger code cache with -XX:ReservedCodeCacheSize=
#   JVM is running with Unscaled Compressed Oops mode in which the Java heap is
#     placed in the first 4GB address space. The Java Heap base address is the
#     maximum limit for the native heap growth. Please use -XX:HeapBaseMinAddress
#     to set the Java Heap base and to place the Java Heap above 4GB virtual address.
# This output file may be truncated or incomplete.
#
#  Out of Memory Error (arena.cpp:189), pid=11144, tid=30676
#
# JRE version: OpenJDK Runtime Environment Temurin-17.0.1+12 (17.0.1+12) (build 17.0.1+12)
# Java VM: OpenJDK 64-Bit Server VM Temurin-17.0.1+12 (17.0.1+12, mixed mode, tiered, compressed oops, compressed class ptrs, parallel gc, windows-amd64)
# No core dump will be written. Minidumps are not enabled by default on client versions of Windows
#

---------------  S U M M A R Y ------------

Command Line: -Djava.net.preferIPv4Stack=true --add-modules=ALL-SYSTEM --add-opens=java.base/java.util=ALL-UNNAMED --add-opens=java.base/java.lang=ALL-UNNAMED --add-opens=java.base/sun.nio.fs=ALL-UNNAMED -Declipse.application=org.eclipse.jdt.ls.core.id1 -Dosgi.bundles.defaultStartLevel=4 -Declipse.product=org.eclipse.jdt.ls.core.product -Djava.import.generatesMetadataFilesAtProjectRoot=false -Dfile.encoding=utf8 -DwatchParentProcess=false -XX:+UseParallelGC -XX:GCTimeRatio=4 -XX:AdaptiveSizePolicyWeight=90 -Dsun.zip.disableMemoryMapping=true -Xmx1G -Xms100m -XX:+HeapDumpOnOutOfMemoryError -XX:HeapDumpPath=c:\Users\hyunwoo.kim\AppData\Roaming\Code\User\workspaceStorage\88ffa087aa05f331ed0f7280dd86b2ff\redhat.java c:\Users\hyunwoo.kim\.vscode\extensions\redhat.java-1.3.0\server\plugins\org.eclipse.equinox.launcher_1.6.400.v20210924-0641.jar -configuration c:\Users\hyunwoo.kim\AppData\Roaming\Code\User\globalStorage\redhat.java\1.3.0\config_win -data c:\Users\hyunwoo.kim\AppData\Roaming\Code\User\workspaceStorage\88ffa087aa05f331ed0f7280dd86b2ff\redhat.java\jdt_ws

Host: Intel(R) Core(TM) i7-8565U CPU @ 1.80GHz, 8 cores, 15G,  Windows 10 , 64 bit Build 19041 (10.0.19041.1348)
Time: Thu Jan 27 16:56:00 2022  Windows 10 , 64 bit Build 19041 (10.0.19041.1348) elapsed time: 14.713358 seconds (0d 0h 0m 14s)

---------------  T H R E A D  ---------------

Current thread (0x0000020fb78eb050):  JavaThread "C2 CompilerThread2" daemon [_thread_in_native, id=30676, stack(0x000000c4f7300000,0x000000c4f7400000)]


Current CompileTask:
C2:  14713 4164  s    4       jdk.internal.jimage.ImageReader$SharedImageReader::findNode (36 bytes)

Stack: [0x000000c4f7300000,0x000000c4f7400000]
Native frames: (J=compiled Java code, j=interpreted, Vv=VM code, C=native code)
V  [jvm.dll+0x6744da]
V  [jvm.dll+0x82e144]
V  [jvm.dll+0x82f8ee]
V  [jvm.dll+0x82ff53]
V  [jvm.dll+0x245175]
V  [jvm.dll+0xab85b]
V  [jvm.dll+0xabdec]
V  [jvm.dll+0x362f07]
V  [jvm.dll+0x1bb4b2]
V  [jvm.dll+0x218189]
V  [jvm.dll+0x217451]
V  [jvm.dll+0x1a355d]
V  [jvm.dll+0x226e38]
V  [jvm.dll+0x224f7c]
V  [jvm.dll+0x7e3f5b]
V  [jvm.dll+0x7de51a]
V  [jvm.dll+0x673305]
C  [ucrtbase.dll+0x21bb2]
C  [KERNEL32.DLL+0x17034]
C  [ntdll.dll+0x52651]


---------------  P R O C E S S  ---------------

Threads class SMR info:
_java_thread_list=0x0000020fb5ee7a70, length=26, elements={
0x0000020f9f8c4890, 0x0000020fb3748a50, 0x0000020fb3749f30, 0x0000020fb5cf3940,
0x0000020fb5ccc720, 0x0000020fb5ccd9c0, 0x0000020fb5d11df0, 0x0000020fb5d14930,
0x0000020fb5d169e0, 0x0000020fb5d1fab0, 0x0000020fb5df89b0, 0x0000020fb5f4a060,
0x0000020fb6611850, 0x0000020fb62f9d40, 0x0000020fb6240910, 0x0000020fb62e7ce0,
0x0000020fb7967fa0, 0x0000020fb7c10fe0, 0x0000020fb7c9b900, 0x0000020fb6019260,
0x0000020fb6017f20, 0x0000020fb68703f0, 0x0000020fb60158a0, 0x0000020fb6016240,
0x0000020fb6017a50, 0x0000020fb78eb050
}

Java Threads: ( => current thread )
  0x0000020f9f8c4890 JavaThread "main" [_thread_blocked, id=28284, stack(0x000000c4f4f00000,0x000000c4f5000000)]
  0x0000020fb3748a50 JavaThread "Reference Handler" daemon [_thread_blocked, id=22756, stack(0x000000c4f5200000,0x000000c4f5300000)]
  0x0000020fb3749f30 JavaThread "Finalizer" daemon [_thread_blocked, id=23188, stack(0x000000c4f5300000,0x000000c4f5400000)]
  0x0000020fb5cf3940 JavaThread "Signal Dispatcher" daemon [_thread_blocked, id=16896, stack(0x000000c4f5400000,0x000000c4f5500000)]
  0x0000020fb5ccc720 JavaThread "Attach Listener" daemon [_thread_blocked, id=7108, stack(0x000000c4f5500000,0x000000c4f5600000)]
  0x0000020fb5ccd9c0 JavaThread "Service Thread" daemon [_thread_blocked, id=17196, stack(0x000000c4f5600000,0x000000c4f5700000)]
  0x0000020fb5d11df0 JavaThread "Monitor Deflation Thread" daemon [_thread_blocked, id=28760, stack(0x000000c4f5700000,0x000000c4f5800000)]
  0x0000020fb5d14930 JavaThread "C2 CompilerThread0" daemon [_thread_in_native, id=28360, stack(0x000000c4f5800000,0x000000c4f5900000)]
  0x0000020fb5d169e0 JavaThread "C1 CompilerThread0" daemon [_thread_in_native, id=22460, stack(0x000000c4f5900000,0x000000c4f5a00000)]
  0x0000020fb5d1fab0 JavaThread "Sweeper thread" daemon [_thread_blocked, id=21312, stack(0x000000c4f5a00000,0x000000c4f5b00000)]
  0x0000020fb5df89b0 JavaThread "Common-Cleaner" daemon [_thread_blocked, id=19044, stack(0x000000c4f5b00000,0x000000c4f5c00000)]
  0x0000020fb5f4a060 JavaThread "Notification Thread" daemon [_thread_blocked, id=24888, stack(0x000000c4f5c00000,0x000000c4f5d00000)]
  0x0000020fb6611850 JavaThread "Active Thread: Equinox Container: 5715da6b-5657-48d4-a692-24e3b6cd4e15" [_thread_blocked, id=3208, stack(0x000000c4f5f00000,0x000000c4f6000000)]
  0x0000020fb62f9d40 JavaThread "Framework Event Dispatcher: Equinox Container: 5715da6b-5657-48d4-a692-24e3b6cd4e15" daemon [_thread_blocked, id=25576, stack(0x000000c4f6600000,0x000000c4f6700000)]
  0x0000020fb6240910 JavaThread "Start Level: Equinox Container: 5715da6b-5657-48d4-a692-24e3b6cd4e15" daemon [_thread_blocked, id=17640, stack(0x000000c4f6700000,0x000000c4f6800000)]
  0x0000020fb62e7ce0 JavaThread "SCR Component Actor" daemon [_thread_blocked, id=29812, stack(0x000000c4f6800000,0x000000c4f6900000)]
  0x0000020fb7967fa0 JavaThread "Bundle File Closer" daemon [_thread_blocked, id=28844, stack(0x000000c4f6a00000,0x000000c4f6b00000)]
  0x0000020fb7c10fe0 JavaThread "Worker-JM" [_thread_blocked, id=23844, stack(0x000000c4f5e00000,0x000000c4f5f00000)]
  0x0000020fb7c9b900 JavaThread "Worker-0: Initialize Workspace" [_thread_in_Java, id=30968, stack(0x000000c4f6d00000,0x000000c4f6e00000)]
  0x0000020fb6019260 JavaThread "Worker-1: Updating Maven Dependencies" [_thread_blocked, id=22552, stack(0x000000c4f6b00000,0x000000c4f6c00000)]
  0x0000020fb6017f20 JavaThread "Worker-2: Repository registry initialization" [_thread_in_Java, id=23140, stack(0x000000c4f6e00000,0x000000c4f6f00000)]
  0x0000020fb68703f0 JavaThread "C2 CompilerThread1" daemon [_thread_in_native, id=26496, stack(0x000000c4f6f00000,0x000000c4f7000000)]
  0x0000020fb60158a0 JavaThread "Java indexing" daemon [_thread_blocked, id=25068, stack(0x000000c4f7100000,0x000000c4f7200000)]
  0x0000020fb6016240 JavaThread "pool-2-thread-1" [_thread_blocked, id=29980, stack(0x000000c4f7000000,0x000000c4f7100000)]
  0x0000020fb6017a50 JavaThread "Worker-3" [_thread_blocked, id=10744, stack(0x000000c4f7200000,0x000000c4f7300000)]
=>0x0000020fb78eb050 JavaThread "C2 CompilerThread2" daemon [_thread_in_native, id=30676, stack(0x000000c4f7300000,0x000000c4f7400000)]

Other Threads:
  0x0000020f9f99ec90 VMThread "VM Thread" [stack: 0x000000c4f5100000,0x000000c4f5200000] [id=2568]
  0x0000020fb5f4a530 WatcherThread [stack: 0x000000c4f5d00000,0x000000c4f5e00000] [id=20088]
  0x0000020f9f8dd0d0 GCTaskThread "GC Thread#0" [stack: 0x000000c4f5000000,0x000000c4f5100000] [id=19920]
  0x0000020fb6367a40 GCTaskThread "GC Thread#1" [stack: 0x000000c4f6000000,0x000000c4f6100000] [id=17164]
  0x0000020fb5f97680 GCTaskThread "GC Thread#2" [stack: 0x000000c4f6100000,0x000000c4f6200000] [id=28316]
  0x0000020fb6794380 GCTaskThread "GC Thread#3" [stack: 0x000000c4f6200000,0x000000c4f6300000] [id=31144]
  0x0000020fb6741f00 GCTaskThread "GC Thread#4" [stack: 0x000000c4f6300000,0x000000c4f6400000] [id=24636]
  0x0000020fb62ec970 GCTaskThread "GC Thread#5" [stack: 0x000000c4f6400000,0x000000c4f6500000] [id=30844]
  0x0000020fb77963a0 GCTaskThread "GC Thread#6" [stack: 0x000000c4f6500000,0x000000c4f6600000] [id=27112]
  0x0000020fb7c01460 GCTaskThread "GC Thread#7" [stack: 0x000000c4f6c00000,0x000000c4f6d00000] [id=716]

Threads with active compile tasks:
C2 CompilerThread0    14832 4156       4       jdk.internal.jrtfs.JrtFileSystem::checkNode (40 bytes)
C1 CompilerThread0    14833 4451       2       com.google.common.collect.ImmutableList::copyOf (50 bytes)
C2 CompilerThread1    14833 4190   !   4       jdk.internal.jrtfs.JrtFileSystem::lookup (23 bytes)
C2 CompilerThread2    14833 4164  s    4       jdk.internal.jimage.ImageReader$SharedImageReader::findNode (36 bytes)

VM state: not at safepoint (normal execution)

VM Mutex/Monitor currently owned by a thread: None

Heap address: 0x00000000c0000000, size: 1024 MB, Compressed Oops mode: 32-bit

CDS archive(s) not mapped
Compressed class space mapped at: 0x0000000100000000-0x0000000140000000, reserved size: 1073741824
Narrow klass base: 0x0000000000000000, Narrow klass shift: 3, Narrow klass range: 0x140000000

GC Precious Log:
 CPUs: 8 total, 8 available
 Memory: 16178M
 Large Page Support: Disabled
 NUMA Support: Disabled
 Compressed Oops: Enabled (32-bit)
 Alignments: Space 512K, Generation 512K, Heap 2M
 Heap Min Capacity: 100M
 Heap Initial Capacity: 100M
 Heap Max Capacity: 1G
 Pre-touch: Disabled
 Parallel Workers: 8

Heap:
 PSYoungGen      total 27136K, used 26759K [0x00000000eab00000, 0x00000000ecb00000, 0x0000000100000000)
  eden space 23040K, 99% used [0x00000000eab00000,0x00000000ec159df0,0x00000000ec180000)
  from space 4096K, 94% used [0x00000000ec700000,0x00000000ecac8010,0x00000000ecb00000)
  to   space 4608K, 0% used [0x00000000ec200000,0x00000000ec200000,0x00000000ec680000)
 ParOldGen       total 68608K, used 17653K [0x00000000c0000000, 0x00000000c4300000, 0x00000000eab00000)
  object space 68608K, 25% used [0x00000000c0000000,0x00000000c113d4b8,0x00000000c4300000)
 Metaspace       used 46146K, committed 46912K, reserved 1097728K
  class space    used 5032K, committed 5376K, reserved 1048576K

Card table byte_map: [0x0000020f9f280000,0x0000020f9f490000] _byte_map_base: 0x0000020f9ec80000

Marking Bits: (ParMarkBitMap*) 0x00007ffc83fb2a60
 Begin Bits: [0x0000020fb1550000, 0x0000020fb2550000)
 End Bits:   [0x0000020fb2550000, 0x0000020fb3550000)

Polling page: 0x0000020f9d830000

Metaspace:

Usage:
  Non-class:     40.15 MB used.
      Class:      4.91 MB used.
       Both:     45.06 MB used.

Virtual space:
  Non-class space:       48.00 MB reserved,      40.56 MB ( 85%) committed,  6 nodes.
      Class space:        1.00 GB reserved,       5.25 MB ( <1%) committed,  1 nodes.
             Both:        1.05 GB reserved,      45.81 MB (  4%) committed. 

Chunk freelists:
   Non-Class:  3.26 MB
       Class:  2.78 MB
        Both:  6.04 MB

MaxMetaspaceSize: unlimited
CompressedClassSpaceSize: 1.00 GB
Initial GC threshold: 21.00 MB
Current GC threshold: 58.38 MB
CDS: off
MetaspaceReclaimPolicy: balanced
 - commit_granule_bytes: 65536.
 - commit_granule_words: 8192.
 - virtual_space_node_default_size: 1048576.
 - enlarge_chunks_in_place: 1.
 - new_chunks_are_fully_committed: 0.
 - uncommit_free_chunks: 1.
 - use_allocation_guard: 0.
 - handle_deallocations: 1.


Internal statistics:

num_allocs_failed_limit: 6.
num_arena_births: 280.
num_arena_deaths: 0.
num_vsnodes_births: 7.
num_vsnodes_deaths: 0.
num_space_committed: 733.
num_space_uncommitted: 0.
num_chunks_returned_to_freelist: 6.
num_chunks_taken_from_freelist: 1908.
num_chunk_merges: 6.
num_chunk_splits: 1225.
num_chunks_enlarged: 771.
num_purges: 0.
num_inconsistent_stats: 0.

CodeHeap 'non-profiled nmethods': size=120000Kb used=1958Kb max_used=1958Kb free=118041Kb
 bounds [0x0000020faa020000, 0x0000020faa290000, 0x0000020fb1550000]
CodeHeap 'profiled nmethods': size=120000Kb used=9025Kb max_used=9025Kb free=110974Kb
 bounds [0x0000020fa2af0000, 0x0000020fa33d0000, 0x0000020faa020000]
CodeHeap 'non-nmethods': size=5760Kb used=1275Kb max_used=1372Kb free=4484Kb
 bounds [0x0000020fa2550000, 0x0000020fa27c0000, 0x0000020fa2af0000]
 total_blobs=4997 nmethods=4399 adapters=511
 compilation: enabled
              stopped_count=0, restarted_count=0
 full_count=0

Compilation events (20 events):
Event: 14.684 Thread 0x0000020fb5d169e0 4337       2       java.lang.Class$AnnotationData::<init> (20 bytes)
Event: 14.685 Thread 0x0000020fb5d169e0 nmethod 4337 0x0000020fa33a0290 code [0x0000020fa33a0420, 0x0000020fa33a0558]
Event: 14.685 Thread 0x0000020fb5d169e0 4338       2       java.lang.Class::createAnnotationData (195 bytes)
Event: 14.686 Thread 0x0000020fb5d169e0 nmethod 4338 0x0000020fa33a0610 code [0x0000020fa33a08e0, 0x0000020fa33a1038]
Event: 14.686 Thread 0x0000020fb5d169e0 4339       2       java.lang.Class$Atomic::casAnnotationData (13 bytes)
Event: 14.686 Thread 0x0000020fb5d169e0 nmethod 4339 0x0000020fa33a1510 code [0x0000020fa33a16a0, 0x0000020fa33a17b8]
Event: 14.695 Thread 0x0000020fb5d169e0 4340       2       com.google.inject.spi.InjectionPoint::forInstanceMethodsAndFields (8 bytes)
Event: 14.696 Thread 0x0000020fb5d169e0 nmethod 4340 0x0000020fa33a1890 code [0x0000020fa33a1a40, 0x0000020fa33a1bb8]
Event: 14.697 Thread 0x0000020fb5d169e0 4341   !   2       com.google.inject.internal.BindingBuilder::toProvider (69 bytes)
Event: 14.698 Thread 0x0000020fb5d169e0 nmethod 4341 0x0000020fa33a1c90 code [0x0000020fa33a1ea0, 0x0000020fa33a24b8]
Event: 14.699 Thread 0x0000020fb5d169e0 4342       2       java.lang.reflect.Proxy$ProxyBuilder::addElementTypes (33 bytes)
Event: 14.699 Thread 0x0000020fb5d169e0 nmethod 4342 0x0000020fa33a2890 code [0x0000020fa33a2a60, 0x0000020fa33a2d08]
Event: 14.699 Thread 0x0000020fb5d169e0 4344       2       jdk.internal.org.objectweb.asm.Frame::putAbstractType (379 bytes)
Event: 14.701 Thread 0x0000020fb5d169e0 nmethod 4344 0x0000020fa33a2f10 code [0x0000020fa33a3240, 0x0000020fa33a3bb8]
Event: 14.702 Thread 0x0000020fb5d169e0 4345       2       java.lang.Class::forName (15 bytes)
Event: 14.702 Thread 0x0000020fb5d169e0 nmethod 4345 0x0000020fa33a4390 code [0x0000020fa33a4540, 0x0000020fa33a4698]
Event: 14.702 Thread 0x0000020fb5d169e0 4346       2       java.lang.Class::getMethod0 (31 bytes)
Event: 14.702 Thread 0x0000020fb5d169e0 nmethod 4346 0x0000020fa33a4790 code [0x0000020fa33a4940, 0x0000020fa33a4ab8]
Event: 14.704 Thread 0x0000020fb68703f0 nmethod 4231 0x0000020faa1fe110 code [0x0000020faa1fe460, 0x0000020faa201f08]
Event: 14.706 Thread 0x0000020fb68703f0 4157       4       jdk.internal.jrtfs.JrtPath::getResolvedPath (39 bytes)

GC Heap History (20 events):
Event: 10.032 GC heap before
{Heap before GC invocations=3 (full 0):
 PSYoungGen      total 29696K, used 6884K [0x00000000eab00000, 0x00000000ecc00000, 0x0000000100000000)
  eden space 25600K, 10% used [0x00000000eab00000,0x00000000eadb99c8,0x00000000ec400000)
  from space 4096K, 99% used [0x00000000ec800000,0x00000000ecbff858,0x00000000ecc00000)
  to   space 4096K, 0% used [0x00000000ec400000,0x00000000ec400000,0x00000000ec800000)
 ParOldGen       total 68608K, used 5958K [0x00000000c0000000, 0x00000000c4300000, 0x00000000eab00000)
  object space 68608K, 8% used [0x00000000c0000000,0x00000000c05d18b0,0x00000000c4300000)
 Metaspace       used 21054K, committed 21504K, reserved 1073152K
  class space    used 2141K, committed 2368K, reserved 1048576K
}
Event: 10.036 GC heap after
{Heap after GC invocations=3 (full 0):
 PSYoungGen      total 29696K, used 4075K [0x00000000eab00000, 0x00000000ecc00000, 0x0000000100000000)
  eden space 25600K, 0% used [0x00000000eab00000,0x00000000eab00000,0x00000000ec400000)
  from space 4096K, 99% used [0x00000000ec400000,0x00000000ec7fad78,0x00000000ec800000)
  to   space 4096K, 0% used [0x00000000ec800000,0x00000000ec800000,0x00000000ecc00000)
 ParOldGen       total 68608K, used 6241K [0x00000000c0000000, 0x00000000c4300000, 0x00000000eab00000)
  object space 68608K, 9% used [0x00000000c0000000,0x00000000c06184c0,0x00000000c4300000)
 Metaspace       used 21054K, committed 21504K, reserved 1073152K
  class space    used 2141K, committed 2368K, reserved 1048576K
}
Event: 10.036 GC heap before
{Heap before GC invocations=4 (full 1):
 PSYoungGen      total 29696K, used 4075K [0x00000000eab00000, 0x00000000ecc00000, 0x0000000100000000)
  eden space 25600K, 0% used [0x00000000eab00000,0x00000000eab00000,0x00000000ec400000)
  from space 4096K, 99% used [0x00000000ec400000,0x00000000ec7fad78,0x00000000ec800000)
  to   space 4096K, 0% used [0x00000000ec800000,0x00000000ec800000,0x00000000ecc00000)
 ParOldGen       total 68608K, used 6241K [0x00000000c0000000, 0x00000000c4300000, 0x00000000eab00000)
  object space 68608K, 9% used [0x00000000c0000000,0x00000000c06184c0,0x00000000c4300000)
 Metaspace       used 21054K, committed 21504K, reserved 1073152K
  class space    used 2141K, committed 2368K, reserved 1048576K
}
Event: 10.067 GC heap after
{Heap after GC invocations=4 (full 1):
 PSYoungGen      total 29696K, used 0K [0x00000000eab00000, 0x00000000ecc00000, 0x0000000100000000)
  eden space 25600K, 0% used [0x00000000eab00000,0x00000000eab00000,0x00000000ec400000)
  from space 4096K, 0% used [0x00000000ec400000,0x00000000ec400000,0x00000000ec800000)
  to   space 4096K, 0% used [0x00000000ec800000,0x00000000ec800000,0x00000000ecc00000)
 ParOldGen       total 68608K, used 10063K [0x00000000c0000000, 0x00000000c4300000, 0x00000000eab00000)
  object space 68608K, 14% used [0x00000000c0000000,0x00000000c09d3c30,0x00000000c4300000)
 Metaspace       used 21054K, committed 21504K, reserved 1073152K
  class space    used 2141K, committed 2368K, reserved 1048576K
}
Event: 11.115 GC heap before
{Heap before GC invocations=5 (full 1):
 PSYoungGen      total 29696K, used 25600K [0x00000000eab00000, 0x00000000ecc00000, 0x0000000100000000)
  eden space 25600K, 100% used [0x00000000eab00000,0x00000000ec400000,0x00000000ec400000)
  from space 4096K, 0% used [0x00000000ec400000,0x00000000ec400000,0x00000000ec800000)
  to   space 4096K, 0% used [0x00000000ec800000,0x00000000ec800000,0x00000000ecc00000)
 ParOldGen       total 68608K, used 10063K [0x00000000c0000000, 0x00000000c4300000, 0x00000000eab00000)
  object space 68608K, 14% used [0x00000000c0000000,0x00000000c09d3c30,0x00000000c4300000)
 Metaspace       used 27801K, committed 28288K, reserved 1081344K
  class space    used 2689K, committed 2880K, reserved 1048576K
}
Event: 11.118 GC heap after
{Heap after GC invocations=5 (full 1):
 PSYoungGen      total 29696K, used 1563K [0x00000000eab00000, 0x00000000ecc00000, 0x0000000100000000)
  eden space 25600K, 0% used [0x00000000eab00000,0x00000000eab00000,0x00000000ec400000)
  from space 4096K, 38% used [0x00000000ec800000,0x00000000ec986f38,0x00000000ecc00000)
  to   space 4096K, 0% used [0x00000000ec400000,0x00000000ec400000,0x00000000ec800000)
 ParOldGen       total 68608K, used 10071K [0x00000000c0000000, 0x00000000c4300000, 0x00000000eab00000)
  object space 68608K, 14% used [0x00000000c0000000,0x00000000c09d5c30,0x00000000c4300000)
 Metaspace       used 27801K, committed 28288K, reserved 1081344K
  class space    used 2689K, committed 2880K, reserved 1048576K
}
Event: 12.399 GC heap before
{Heap before GC invocations=6 (full 1):
 PSYoungGen      total 29696K, used 27163K [0x00000000eab00000, 0x00000000ecc00000, 0x0000000100000000)
  eden space 25600K, 100% used [0x00000000eab00000,0x00000000ec400000,0x00000000ec400000)
  from space 4096K, 38% used [0x00000000ec800000,0x00000000ec986f38,0x00000000ecc00000)
  to   space 4096K, 0% used [0x00000000ec400000,0x00000000ec400000,0x00000000ec800000)
 ParOldGen       total 68608K, used 10071K [0x00000000c0000000, 0x00000000c4300000, 0x00000000eab00000)
  object space 68608K, 14% used [0x00000000c0000000,0x00000000c09d5c30,0x00000000c4300000)
 Metaspace       used 34674K, committed 35328K, reserved 1081344K
  class space    used 3608K, committed 3904K, reserved 1048576K
}
Event: 12.403 GC heap after
{Heap after GC invocations=6 (full 1):
 PSYoungGen      total 29184K, used 4070K [0x00000000eab00000, 0x00000000ecd80000, 0x0000000100000000)
  eden space 25088K, 0% used [0x00000000eab00000,0x00000000eab00000,0x00000000ec380000)
  from space 4096K, 99% used [0x00000000ec400000,0x00000000ec7f9b30,0x00000000ec800000)
  to   space 5120K, 0% used [0x00000000ec880000,0x00000000ec880000,0x00000000ecd80000)
 ParOldGen       total 68608K, used 10199K [0x00000000c0000000, 0x00000000c4300000, 0x00000000eab00000)
  object space 68608K, 14% used [0x00000000c0000000,0x00000000c09f5c50,0x00000000c4300000)
 Metaspace       used 34674K, committed 35328K, reserved 1081344K
  class space    used 3608K, committed 3904K, reserved 1048576K
}
Event: 12.474 GC heap before
{Heap before GC invocations=7 (full 1):
 PSYoungGen      total 29184K, used 5867K [0x00000000eab00000, 0x00000000ecd80000, 0x0000000100000000)
  eden space 25088K, 7% used [0x00000000eab00000,0x00000000eacc13a0,0x00000000ec380000)
  from space 4096K, 99% used [0x00000000ec400000,0x00000000ec7f9b30,0x00000000ec800000)
  to   space 5120K, 0% used [0x00000000ec880000,0x00000000ec880000,0x00000000ecd80000)
 ParOldGen       total 68608K, used 10199K [0x00000000c0000000, 0x00000000c4300000, 0x00000000eab00000)
  object space 68608K, 14% used [0x00000000c0000000,0x00000000c09f5c50,0x00000000c4300000)
 Metaspace       used 35194K, committed 35840K, reserved 1081344K
  class space    used 3678K, committed 3968K, reserved 1048576K
}
Event: 12.477 GC heap after
{Heap after GC invocations=7 (full 1):
 PSYoungGen      total 29696K, used 4287K [0x00000000eab00000, 0x00000000ecd00000, 0x0000000100000000)
  eden space 25088K, 0% used [0x00000000eab00000,0x00000000eab00000,0x00000000ec380000)
  from space 4608K, 93% used [0x00000000ec880000,0x00000000eccafd90,0x00000000ecd00000)
  to   space 4608K, 0% used [0x00000000ec400000,0x00000000ec400000,0x00000000ec880000)
 ParOldGen       total 68608K, used 10207K [0x00000000c0000000, 0x00000000c4300000, 0x00000000eab00000)
  object space 68608K, 14% used [0x00000000c0000000,0x00000000c09f7c50,0x00000000c4300000)
 Metaspace       used 35194K, committed 35840K, reserved 1081344K
  class space    used 3678K, committed 3968K, reserved 1048576K
}
Event: 12.477 GC heap before
{Heap before GC invocations=8 (full 2):
 PSYoungGen      total 29696K, used 4287K [0x00000000eab00000, 0x00000000ecd00000, 0x0000000100000000)
  eden space 25088K, 0% used [0x00000000eab00000,0x00000000eab00000,0x00000000ec380000)
  from space 4608K, 93% used [0x00000000ec880000,0x00000000eccafd90,0x00000000ecd00000)
  to   space 4608K, 0% used [0x00000000ec400000,0x00000000ec400000,0x00000000ec880000)
 ParOldGen       total 68608K, used 10207K [0x00000000c0000000, 0x00000000c4300000, 0x00000000eab00000)
  object space 68608K, 14% used [0x00000000c0000000,0x00000000c09f7c50,0x00000000c4300000)
 Metaspace       used 35194K, committed 35840K, reserved 1081344K
  class space    used 3678K, committed 3968K, reserved 1048576K
}
Event: 12.510 GC heap after
{Heap after GC invocations=8 (full 2):
 PSYoungGen      total 29696K, used 0K [0x00000000eab00000, 0x00000000ecd00000, 0x0000000100000000)
  eden space 25088K, 0% used [0x00000000eab00000,0x00000000eab00000,0x00000000ec380000)
  from space 4608K, 0% used [0x00000000ec880000,0x00000000ec880000,0x00000000ecd00000)
  to   space 4608K, 0% used [0x00000000ec400000,0x00000000ec400000,0x00000000ec880000)
 ParOldGen       total 68608K, used 13287K [0x00000000c0000000, 0x00000000c4300000, 0x00000000eab00000)
  object space 68608K, 19% used [0x00000000c0000000,0x00000000c0cf9c90,0x00000000c4300000)
 Metaspace       used 35194K, committed 35840K, reserved 1081344K
  class space    used 3678K, committed 3968K, reserved 1048576K
}
Event: 13.386 GC heap before
{Heap before GC invocations=9 (full 2):
 PSYoungGen      total 29696K, used 25088K [0x00000000eab00000, 0x00000000ecd00000, 0x0000000100000000)
  eden space 25088K, 100% used [0x00000000eab00000,0x00000000ec380000,0x00000000ec380000)
  from space 4608K, 0% used [0x00000000ec880000,0x00000000ec880000,0x00000000ecd00000)
  to   space 4608K, 0% used [0x00000000ec400000,0x00000000ec400000,0x00000000ec880000)
 ParOldGen       total 68608K, used 13287K [0x00000000c0000000, 0x00000000c4300000, 0x00000000eab00000)
  object space 68608K, 19% used [0x00000000c0000000,0x00000000c0cf9c90,0x00000000c4300000)
 Metaspace       used 40996K, committed 41728K, reserved 1089536K
  class space    used 4388K, committed 4672K, reserved 1048576K
}
Event: 13.391 GC heap after
{Heap after GC invocations=9 (full 2):
 PSYoungGen      total 27648K, used 2843K [0x00000000eab00000, 0x00000000eca00000, 0x0000000100000000)
  eden space 24576K, 0% used [0x00000000eab00000,0x00000000eab00000,0x00000000ec300000)
  from space 3072K, 92% used [0x00000000ec400000,0x00000000ec6c6e10,0x00000000ec700000)
  to   space 3072K, 0% used [0x00000000ec700000,0x00000000ec700000,0x00000000eca00000)
 ParOldGen       total 68608K, used 13295K [0x00000000c0000000, 0x00000000c4300000, 0x00000000eab00000)
  object space 68608K, 19% used [0x00000000c0000000,0x00000000c0cfbc90,0x00000000c4300000)
 Metaspace       used 40996K, committed 41728K, reserved 1089536K
  class space    used 4388K, committed 4672K, reserved 1048576K
}
Event: 13.847 GC heap before
{Heap before GC invocations=10 (full 2):
 PSYoungGen      total 27648K, used 27419K [0x00000000eab00000, 0x00000000eca00000, 0x0000000100000000)
  eden space 24576K, 100% used [0x00000000eab00000,0x00000000ec300000,0x00000000ec300000)
  from space 3072K, 92% used [0x00000000ec400000,0x00000000ec6c6e10,0x00000000ec700000)
  to   space 3072K, 0% used [0x00000000ec700000,0x00000000ec700000,0x00000000eca00000)
 ParOldGen       total 68608K, used 13295K [0x00000000c0000000, 0x00000000c4300000, 0x00000000eab00000)
  object space 68608K, 19% used [0x00000000c0000000,0x00000000c0cfbc90,0x00000000c4300000)
 Metaspace       used 42497K, committed 43200K, reserved 1089536K
  class space    used 4565K, committed 4864K, reserved 1048576K
}
Event: 13.850 GC heap after
{Heap after GC invocations=10 (full 2):
 PSYoungGen      total 27136K, used 3051K [0x00000000eab00000, 0x00000000ecb80000, 0x0000000100000000)
  eden space 24064K, 0% used [0x00000000eab00000,0x00000000eab00000,0x00000000ec280000)
  from space 3072K, 99% used [0x00000000ec700000,0x00000000ec9fae10,0x00000000eca00000)
  to   space 4608K, 0% used [0x00000000ec280000,0x00000000ec280000,0x00000000ec700000)
 ParOldGen       total 68608K, used 14431K [0x00000000c0000000, 0x00000000c4300000, 0x00000000eab00000)
  object space 68608K, 21% used [0x00000000c0000000,0x00000000c0e17ca0,0x00000000c4300000)
 Metaspace       used 42497K, committed 43200K, reserved 1089536K
  class space    used 4565K, committed 4864K, reserved 1048576K
}
Event: 14.264 GC heap before
{Heap before GC invocations=11 (full 2):
 PSYoungGen      total 27136K, used 27115K [0x00000000eab00000, 0x00000000ecb80000, 0x0000000100000000)
  eden space 24064K, 100% used [0x00000000eab00000,0x00000000ec280000,0x00000000ec280000)
  from space 3072K, 99% used [0x00000000ec700000,0x00000000ec9fae10,0x00000000eca00000)
  to   space 4608K, 0% used [0x00000000ec280000,0x00000000ec280000,0x00000000ec700000)
 ParOldGen       total 68608K, used 14431K [0x00000000c0000000, 0x00000000c4300000, 0x00000000eab00000)
  object space 68608K, 21% used [0x00000000c0000000,0x00000000c0e17ca0,0x00000000c4300000)
 Metaspace       used 43817K, committed 44544K, reserved 1089536K
  class space    used 4738K, committed 5056K, reserved 1048576K
}
Event: 14.268 GC heap after
{Heap after GC invocations=11 (full 2):
 PSYoungGen      total 28160K, used 4587K [0x00000000eab00000, 0x00000000ecc00000, 0x0000000100000000)
  eden space 23552K, 0% used [0x00000000eab00000,0x00000000eab00000,0x00000000ec200000)
  from space 4608K, 99% used [0x00000000ec280000,0x00000000ec6fae10,0x00000000ec700000)
  to   space 5120K, 0% used [0x00000000ec700000,0x00000000ec700000,0x00000000ecc00000)
 ParOldGen       total 68608K, used 14703K [0x00000000c0000000, 0x00000000c4300000, 0x00000000eab00000)
  object space 68608K, 21% used [0x00000000c0000000,0x00000000c0e5bca0,0x00000000c4300000)
 Metaspace       used 43817K, committed 44544K, reserved 1089536K
  class space    used 4738K, committed 5056K, reserved 1048576K
}
Event: 14.559 GC heap before
{Heap before GC invocations=12 (full 2):
 PSYoungGen      total 28160K, used 28139K [0x00000000eab00000, 0x00000000ecc00000, 0x0000000100000000)
  eden space 23552K, 100% used [0x00000000eab00000,0x00000000ec200000,0x00000000ec200000)
  from space 4608K, 99% used [0x00000000ec280000,0x00000000ec6fae10,0x00000000ec700000)
  to   space 5120K, 0% used [0x00000000ec700000,0x00000000ec700000,0x00000000ecc00000)
 ParOldGen       total 68608K, used 14703K [0x00000000c0000000, 0x00000000c4300000, 0x00000000eab00000)
  object space 68608K, 21% used [0x00000000c0000000,0x00000000c0e5bca0,0x00000000c4300000)
 Metaspace       used 45226K, committed 45952K, reserved 1089536K
  class space    used 4912K, committed 5248K, reserved 1048576K
}
Event: 14.565 GC heap after
{Heap after GC invocations=12 (full 2):
 PSYoungGen      total 27136K, used 3872K [0x00000000eab00000, 0x00000000ecb00000, 0x0000000100000000)
  eden space 23040K, 0% used [0x00000000eab00000,0x00000000eab00000,0x00000000ec180000)
  from space 4096K, 94% used [0x00000000ec700000,0x00000000ecac8010,0x00000000ecb00000)
  to   space 4608K, 0% used [0x00000000ec200000,0x00000000ec200000,0x00000000ec680000)
 ParOldGen       total 68608K, used 17653K [0x00000000c0000000, 0x00000000c4300000, 0x00000000eab00000)
  object space 68608K, 25% used [0x00000000c0000000,0x00000000c113d4b8,0x00000000c4300000)
 Metaspace       used 45226K, committed 45952K, reserved 1089536K
  class space    used 4912K, committed 5248K, reserved 1048576K
}

Deoptimization events (20 events):
Event: 13.624 Thread 0x0000020fb6017f20 DEOPT PACKING pc=0x0000020faa0a9abc sp=0x000000c4f6efe180
Event: 13.624 Thread 0x0000020fb6017f20 DEOPT UNPACKING pc=0x0000020fa25a20a3 sp=0x000000c4f6efe100 mode 2
Event: 13.897 Thread 0x0000020fb6017f20 DEOPT PACKING pc=0x0000020fa333a359 sp=0x000000c4f6efe020
Event: 13.897 Thread 0x0000020fb6017f20 DEOPT UNPACKING pc=0x0000020fa25a2843 sp=0x000000c4f6efd478 mode 0
Event: 14.081 Thread 0x0000020fb7c9b900 Uncommon trap: trap_request=0xffffffbe fr.pc=0x0000020faa1d8800 relative=0x0000000000000ba0
Event: 14.081 Thread 0x0000020fb7c9b900 Uncommon trap: reason=profile_predicate action=maybe_recompile pc=0x0000020faa1d8800 method=jdk.internal.jimage.ImageStringsReader.charsFromByteBuffer([CLjava/nio/ByteBuffer;)V @ 6 c2
Event: 14.081 Thread 0x0000020fb7c9b900 DEOPT PACKING pc=0x0000020faa1d8800 sp=0x000000c4f6dfdc60
Event: 14.082 Thread 0x0000020fb7c9b900 DEOPT UNPACKING pc=0x0000020fa25a20a3 sp=0x000000c4f6dfdb48 mode 2
Event: 14.082 Thread 0x0000020fb7c9b900 Uncommon trap: trap_request=0xffffffbe fr.pc=0x0000020faa1d8800 relative=0x0000000000000ba0
Event: 14.082 Thread 0x0000020fb7c9b900 Uncommon trap: reason=profile_predicate action=maybe_recompile pc=0x0000020faa1d8800 method=jdk.internal.jimage.ImageStringsReader.charsFromByteBuffer([CLjava/nio/ByteBuffer;)V @ 6 c2
Event: 14.082 Thread 0x0000020fb7c9b900 DEOPT PACKING pc=0x0000020faa1d8800 sp=0x000000c4f6dfdb50
Event: 14.082 Thread 0x0000020fb7c9b900 DEOPT UNPACKING pc=0x0000020fa25a20a3 sp=0x000000c4f6dfda38 mode 2
Event: 14.082 Thread 0x0000020fb7c9b900 Uncommon trap: trap_request=0xffffffbe fr.pc=0x0000020faa1d8800 relative=0x0000000000000ba0
Event: 14.082 Thread 0x0000020fb7c9b900 Uncommon trap: reason=profile_predicate action=maybe_recompile pc=0x0000020faa1d8800 method=jdk.internal.jimage.ImageStringsReader.charsFromByteBuffer([CLjava/nio/ByteBuffer;)V @ 6 c2
Event: 14.082 Thread 0x0000020fb7c9b900 DEOPT PACKING pc=0x0000020faa1d8800 sp=0x000000c4f6dfdac0
Event: 14.082 Thread 0x0000020fb7c9b900 DEOPT UNPACKING pc=0x0000020fa25a20a3 sp=0x000000c4f6dfd9a8 mode 2
Event: 14.082 Thread 0x0000020fb7c9b900 Uncommon trap: trap_request=0xffffffbe fr.pc=0x0000020faa1d8800 relative=0x0000000000000ba0
Event: 14.083 Thread 0x0000020fb7c9b900 Uncommon trap: reason=profile_predicate action=maybe_recompile pc=0x0000020faa1d8800 method=jdk.internal.jimage.ImageStringsReader.charsFromByteBuffer([CLjava/nio/ByteBuffer;)V @ 6 c2
Event: 14.083 Thread 0x0000020fb7c9b900 DEOPT PACKING pc=0x0000020faa1d8800 sp=0x000000c4f6dfdac0
Event: 14.083 Thread 0x0000020fb7c9b900 DEOPT UNPACKING pc=0x0000020fa25a20a3 sp=0x000000c4f6dfd9a8 mode 2

Classes unloaded (0 events):
No events

Classes redefined (0 events):
No events

Internal exceptions (20 events):
Event: 10.774 Thread 0x0000020fb6240910 Exception <a 'java/lang/ClassNotFoundException'{0x00000000ebfb68e0}: com/sun/org/apache/xerces/internal/impl/msg/spi/XMLSerializerMessagesProvider> (0x00000000ebfb68e0) 
thrown [e:\jenkins\tmp\workspace\build\src\src\hotspot\share\classfile\systemDictionary.cpp, line 256]
Event: 10.778 Thread 0x0000020fb6240910 Exception <a 'java/lang/ClassNotFoundException'{0x00000000ebfd0120}: com/sun/org/apache/xerces/internal/impl/msg/spi/XMLMessagesProvider> (0x00000000ebfd0120) 
thrown [e:\jenkins\tmp\workspace\build\src\src\hotspot\share\classfile\systemDictionary.cpp, line 256]
Event: 10.917 Thread 0x0000020fb6240910 Exception <a 'sun/nio/fs/WindowsException'{0x00000000ec1e0628}> (0x00000000ec1e0628) 
thrown [e:\jenkins\tmp\workspace\build\src\src\hotspot\share\prims\jni.cpp, line 516]
Event: 11.090 Thread 0x0000020fb6240910 Exception <a 'java/lang/ClassNotFoundException'{0x00000000ec38aaf8}: com/sun/org/apache/xml/internal/serializer/spi/XMLEntitiesProvider> (0x00000000ec38aaf8) 
thrown [e:\jenkins\tmp\workspace\build\src\src\hotspot\share\classfile\systemDictionary.cpp, line 256]
Event: 11.625 Thread 0x0000020fb6019260 Exception <a 'java/io/FileNotFoundException'{0x00000000eb5c5370}> (0x00000000eb5c5370) 
thrown [e:\jenkins\tmp\workspace\build\src\src\hotspot\share\prims\jni.cpp, line 516]
Event: 11.627 Thread 0x0000020fb6019260 Exception <a 'java/io/FileNotFoundException'{0x00000000eb5c7800}> (0x00000000eb5c7800) 
thrown [e:\jenkins\tmp\workspace\build\src\src\hotspot\share\prims\jni.cpp, line 516]
Event: 11.629 Thread 0x0000020fb6019260 Exception <a 'java/lang/NoSuchMethodError'{0x00000000eb5cf728}: 'void java.lang.invoke.DirectMethodHandle$Holder.invokeStaticInit(java.lang.Object, java.lang.Object, java.lang.Object)'> (0x00000000eb5cf728) 
thrown [e:\jenkins\tmp\workspace\build\src\src\hotspot\share\interpreter\linkResolver.cpp, line 766]
Event: 11.788 Thread 0x0000020fb6240910 Exception <a 'java/lang/NoSuchMethodError'{0x00000000ebacea60}: 'void java.lang.invoke.DirectMethodHandle$Holder.invokeSpecial(java.lang.Object, java.lang.Object, java.lang.Object, int)'> (0x00000000ebacea60) 
thrown [e:\jenkins\tmp\workspace\build\src\src\hotspot\share\interpreter\linkResolver.cpp, line 766]
Event: 11.981 Thread 0x0000020fb6240910 Exception <a 'java/lang/NoSuchMethodError'{0x00000000ebdd90d0}: 'org.slf4j.impl.StaticMDCBinder org.slf4j.impl.StaticMDCBinder.getSingleton()'> (0x00000000ebdd90d0) 
thrown [e:\jenkins\tmp\workspace\build\src\src\hotspot\share\interpreter\linkResolver.cpp, line 766]
Event: 12.019 Thread 0x0000020fb6019260 Exception <a 'java/io/FileNotFoundException'{0x00000000ebe9e848}> (0x00000000ebe9e848) 
thrown [e:\jenkins\tmp\workspace\build\src\src\hotspot\share\prims\jni.cpp, line 516]
Event: 12.051 Thread 0x0000020fb6240910 Exception <a 'java/io/FileNotFoundException'{0x00000000ebef97c8}> (0x00000000ebef97c8) 
thrown [e:\jenkins\tmp\workspace\build\src\src\hotspot\share\prims\jni.cpp, line 516]
Event: 12.083 Thread 0x0000020fb6240910 Exception <a 'java/io/FileNotFoundException'{0x00000000ebf32ed8}> (0x00000000ebf32ed8) 
thrown [e:\jenkins\tmp\workspace\build\src\src\hotspot\share\prims\jni.cpp, line 516]
Event: 12.562 Thread 0x0000020f9f8c4890 Exception <a 'java/lang/NoSuchMethodError'{0x00000000eac75740}: 'java.lang.Object java.lang.invoke.DirectMethodHandle$Holder.newInvokeSpecial(java.lang.Object, java.lang.Object, java.lang.Object, java.lang.Object, java.lang.Object)'> (0x00000000eac75740) 
thrown [e:\jenkins\tmp\workspace\build\src\src\hotspot\share\interpreter\linkResolver.cpp, line 766]
Event: 12.717 Thread 0x0000020fb6016240 Exception <a 'java/io/FileNotFoundException'{0x00000000eafac838}> (0x00000000eafac838) 
thrown [e:\jenkins\tmp\workspace\build\src\src\hotspot\share\prims\jni.cpp, line 516]
Event: 12.803 Thread 0x0000020fb6016240 Exception <a 'java/lang/NoSuchMethodError'{0x00000000eb2f55f0}: 'void java.lang.invoke.DirectMethodHandle$Holder.invokeStatic(java.lang.Object, java.lang.Object, java.lang.Object, java.lang.Object, java.lang.Object, java.lang.Object)'> (0x00000000eb2f55f0) 
thrown [e:\jenkins\tmp\workspace\build\src\src\hotspot\share\interpreter\linkResolver.cpp, line 766]
Event: 13.055 Thread 0x0000020fb7c9b900 Exception <a 'java/lang/NoSuchMethodError'{0x00000000eb8cabd0}: 'int java.lang.invoke.DirectMethodHandle$Holder.invokeInterface(java.lang.Object, java.lang.Object)'> (0x00000000eb8cabd0) 
thrown [e:\jenkins\tmp\workspace\build\src\src\hotspot\share\interpreter\linkResolver.cpp, line 766]
Event: 13.056 Thread 0x0000020fb7c9b900 Exception <a 'java/lang/IncompatibleClassChangeError'{0x00000000eb8cdeb8}: Found class java.lang.Object, but interface was expected> (0x00000000eb8cdeb8) 
thrown [e:\jenkins\tmp\workspace\build\src\src\hotspot\share\interpreter\linkResolver.cpp, line 833]
Event: 13.171 Thread 0x0000020fb7c9b900 Exception <a 'java/lang/NoSuchMethodError'{0x00000000ebb94ec0}: 'java.lang.Object java.lang.invoke.Invokers$Holder.invoke_MT(java.lang.Object, java.lang.Object, java.lang.Object)'> (0x00000000ebb94ec0) 
thrown [e:\jenkins\tmp\workspace\build\src\src\hotspot\share\interpreter\linkResolver.cpp, line 766]
Event: 13.590 Thread 0x0000020fb6017f20 Implicit null exception at 0x0000020faa0c04e0 to 0x0000020faa0c0748
Event: 13.623 Thread 0x0000020fb6017f20 Implicit null exception at 0x0000020faa0a9856 to 0x0000020faa0a9aa0

VM Operations (20 events):
Event: 13.145 Executing VM operation: HandshakeAllThreads
Event: 13.145 Executing VM operation: HandshakeAllThreads done
Event: 13.197 Executing VM operation: HandshakeAllThreads
Event: 13.197 Executing VM operation: HandshakeAllThreads done
Event: 13.317 Executing VM operation: HandshakeAllThreads
Event: 13.317 Executing VM operation: HandshakeAllThreads done
Event: 13.381 Executing VM operation: ICBufferFull
Event: 13.381 Executing VM operation: ICBufferFull done
Event: 13.386 Executing VM operation: ParallelGCFailedAllocation
Event: 13.391 Executing VM operation: ParallelGCFailedAllocation done
Event: 13.430 Executing VM operation: HandshakeAllThreads
Event: 13.430 Executing VM operation: HandshakeAllThreads done
Event: 13.838 Executing VM operation: ParallelGCFailedAllocation
Event: 13.850 Executing VM operation: ParallelGCFailedAllocation done
Event: 14.264 Executing VM operation: ParallelGCFailedAllocation
Event: 14.268 Executing VM operation: ParallelGCFailedAllocation done
Event: 14.331 Executing VM operation: HandshakeAllThreads
Event: 14.332 Executing VM operation: HandshakeAllThreads done
Event: 14.559 Executing VM operation: ParallelGCFailedAllocation
Event: 14.565 Executing VM operation: ParallelGCFailedAllocation done

Events (20 events):
Event: 13.536 loading class java/nio/channels/Channels$ReadableByteChannelImpl done
Event: 13.537 loading class java/nio/channels/NonWritableChannelException
Event: 13.537 loading class java/nio/channels/NonWritableChannelException done
Event: 13.537 loading class sun/nio/ch/ChannelInputStream
Event: 13.537 loading class sun/nio/ch/ChannelInputStream done
Event: 13.537 loading class java/nio/channels/SelectableChannel
Event: 13.537 loading class java/nio/channels/SelectableChannel done
Event: 14.199 loading class java/util/concurrent/CompletionService
Event: 14.199 loading class java/util/concurrent/CompletionService done
Event: 14.307 Thread 0x0000020fb67409a0 Thread exited: 0x0000020fb67409a0
Event: 14.386 loading class java/lang/InheritableThreadLocal
Event: 14.386 loading class java/lang/InheritableThreadLocal done
Event: 14.525 loading class sun/reflect/generics/scope/ConstructorScope
Event: 14.526 loading class sun/reflect/generics/scope/ConstructorScope done
Event: 14.526 loading class sun/reflect/generics/tree/VoidDescriptor
Event: 14.526 loading class sun/reflect/generics/tree/VoidDescriptor done
Event: 14.627 loading class javax/net/ssl/SSLSocketFactory
Event: 14.627 loading class javax/net/SocketFactory
Event: 14.627 loading class javax/net/SocketFactory done
Event: 14.627 loading class javax/net/ssl/SSLSocketFactory done


Dynamic libraries:
0x00007ff60d660000 - 0x00007ff60d66e000 	c:\Users\hyunwoo.kim\.vscode\extensions\redhat.java-1.3.0\jre\17.0.1-win32-x86_64\bin\java.exe
0x00007ffce4890000 - 0x00007ffce4a85000 	C:\WINDOWS\SYSTEM32\ntdll.dll
0x00007ffce39c0000 - 0x00007ffce3a7e000 	C:\WINDOWS\System32\KERNEL32.DLL
0x00007ffce2100000 - 0x00007ffce23c8000 	C:\WINDOWS\System32\KERNELBASE.dll
0x00007ffce2460000 - 0x00007ffce2560000 	C:\WINDOWS\System32\ucrtbase.dll
0x00007ffcc70f0000 - 0x00007ffcc7109000 	c:\Users\hyunwoo.kim\.vscode\extensions\redhat.java-1.3.0\jre\17.0.1-win32-x86_64\bin\VCRUNTIME140.dll
0x00007ffcc7a00000 - 0x00007ffcc7a18000 	c:\Users\hyunwoo.kim\.vscode\extensions\redhat.java-1.3.0\jre\17.0.1-win32-x86_64\bin\jli.dll
0x00007ffce3c40000 - 0x00007ffce3de1000 	C:\WINDOWS\System32\USER32.dll
0x00007ffce1fa0000 - 0x00007ffce1fc2000 	C:\WINDOWS\System32\win32u.dll
0x00007ffce4270000 - 0x00007ffce429b000 	C:\WINDOWS\System32\GDI32.dll
0x00007ffce25b0000 - 0x00007ffce26bd000 	C:\WINDOWS\System32\gdi32full.dll
0x00007ffce1fd0000 - 0x00007ffce206d000 	C:\WINDOWS\System32\msvcp_win.dll
0x00007ffccb800000 - 0x00007ffccba9a000 	C:\WINDOWS\WinSxS\amd64_microsoft.windows.common-controls_6595b64144ccf1df_6.0.19041.1110_none_60b5254171f9507e\COMCTL32.dll
0x00007ffce4040000 - 0x00007ffce40de000 	C:\WINDOWS\System32\msvcrt.dll
0x00007ffce36f0000 - 0x00007ffce3720000 	C:\WINDOWS\System32\IMM32.DLL
0x00007ffccc480000 - 0x00007ffccc48c000 	c:\Users\hyunwoo.kim\.vscode\extensions\redhat.java-1.3.0\jre\17.0.1-win32-x86_64\bin\vcruntime140_1.dll
0x00007ffca68d0000 - 0x00007ffca6961000 	c:\Users\hyunwoo.kim\.vscode\extensions\redhat.java-1.3.0\jre\17.0.1-win32-x86_64\bin\msvcp140.dll
0x00007ffc83430000 - 0x00007ffc84076000 	c:\Users\hyunwoo.kim\.vscode\extensions\redhat.java-1.3.0\jre\17.0.1-win32-x86_64\bin\server\jvm.dll
0x00007ffce35e0000 - 0x00007ffce368c000 	C:\WINDOWS\System32\ADVAPI32.dll
0x00007ffce3df0000 - 0x00007ffce3e8b000 	C:\WINDOWS\System32\sechost.dll
0x00007ffce40e0000 - 0x00007ffce420a000 	C:\WINDOWS\System32\RPCRT4.dll
0x00007ffce3a80000 - 0x00007ffce3a88000 	C:\WINDOWS\System32\PSAPI.DLL
0x00007ffcca770000 - 0x00007ffcca797000 	C:\WINDOWS\SYSTEM32\WINMM.dll
0x00007ffcc7160000 - 0x00007ffcc7169000 	C:\WINDOWS\SYSTEM32\WSOCK32.dll
0x00007ffce3bd0000 - 0x00007ffce3c3b000 	C:\WINDOWS\System32\WS2_32.dll
0x00007ffce0df0000 - 0x00007ffce0dfa000 	C:\WINDOWS\SYSTEM32\VERSION.dll
0x00007ffce0620000 - 0x00007ffce0632000 	C:\WINDOWS\SYSTEM32\kernel.appcore.dll
0x00007ffccc2c0000 - 0x00007ffccc2ca000 	c:\Users\hyunwoo.kim\.vscode\extensions\redhat.java-1.3.0\jre\17.0.1-win32-x86_64\bin\jimage.dll
0x00007ffcdfb10000 - 0x00007ffcdfcf4000 	C:\WINDOWS\SYSTEM32\DBGHELP.DLL
0x00007ffcdeee0000 - 0x00007ffcdef0c000 	C:\WINDOWS\SYSTEM32\dbgcore.DLL
0x00007ffce2070000 - 0x00007ffce20f2000 	C:\WINDOWS\System32\bcryptPrimitives.dll
0x00007ffcb0730000 - 0x00007ffcb0755000 	c:\Users\hyunwoo.kim\.vscode\extensions\redhat.java-1.3.0\jre\17.0.1-win32-x86_64\bin\java.dll
0x00007ffcc2560000 - 0x00007ffcc2578000 	c:\Users\hyunwoo.kim\.vscode\extensions\redhat.java-1.3.0\jre\17.0.1-win32-x86_64\bin\zip.dll
0x00007ffce2e90000 - 0x00007ffce35d4000 	C:\WINDOWS\System32\SHELL32.dll
0x00007ffce0640000 - 0x00007ffce0dd4000 	C:\WINDOWS\SYSTEM32\windows.storage.dll
0x00007ffce43c0000 - 0x00007ffce4715000 	C:\WINDOWS\System32\combase.dll
0x00007ffce1840000 - 0x00007ffce186e000 	C:\WINDOWS\SYSTEM32\Wldp.dll
0x00007ffce3910000 - 0x00007ffce39bd000 	C:\WINDOWS\System32\SHCORE.dll
0x00007ffce4210000 - 0x00007ffce4265000 	C:\WINDOWS\System32\shlwapi.dll
0x00007ffce1ee0000 - 0x00007ffce1eff000 	C:\WINDOWS\SYSTEM32\profapi.dll
0x00007ffcbdfc0000 - 0x00007ffcbdfd9000 	C:\Users\hyunwoo.kim\.vscode\extensions\redhat.java-1.3.0\jre\17.0.1-win32-x86_64\bin\net.dll
0x00007ffcdd8b0000 - 0x00007ffcdd9bc000 	C:\WINDOWS\SYSTEM32\WINHTTP.dll
0x00007ffce1620000 - 0x00007ffce168a000 	C:\WINDOWS\system32\mswsock.dll
0x00007ffcbdc30000 - 0x00007ffcbdc45000 	C:\Users\hyunwoo.kim\.vscode\extensions\redhat.java-1.3.0\jre\17.0.1-win32-x86_64\bin\nio.dll
0x00007ffce1880000 - 0x00007ffce1898000 	C:\WINDOWS\SYSTEM32\CRYPTSP.dll
0x00007ffce0fc0000 - 0x00007ffce0ff4000 	C:\WINDOWS\system32\rsaenh.dll
0x00007ffce23d0000 - 0x00007ffce23f7000 	C:\WINDOWS\System32\bcrypt.dll
0x00007ffce1ea0000 - 0x00007ffce1ece000 	C:\WINDOWS\SYSTEM32\USERENV.dll
0x00007ffce17b0000 - 0x00007ffce17bc000 	C:\WINDOWS\SYSTEM32\CRYPTBASE.dll
0x00007ffce1330000 - 0x00007ffce136b000 	C:\WINDOWS\SYSTEM32\IPHLPAPI.DLL
0x00007ffce42a0000 - 0x00007ffce42a8000 	C:\WINDOWS\System32\NSI.dll
0x00007ffcd8e20000 - 0x00007ffcd8e37000 	C:\WINDOWS\SYSTEM32\dhcpcsvc6.DLL
0x00007ffcd8e00000 - 0x00007ffcd8e1d000 	C:\WINDOWS\SYSTEM32\dhcpcsvc.DLL
0x00007ffce1370000 - 0x00007ffce143b000 	C:\WINDOWS\SYSTEM32\DNSAPI.dll
0x00007ffcaffb0000 - 0x00007ffcaffee000 	C:\Users\hyunwoo.kim\AppData\Roaming\Code\User\globalStorage\redhat.java\1.3.0\config_win\org.eclipse.equinox.launcher\org.eclipse.equinox.launcher.win32.win32.x86_64_1.2.400.v20211117-0650\eclipse_11602.dll
0x00007ffce4720000 - 0x00007ffce484a000 	C:\WINDOWS\System32\ole32.dll
0x00007ffccc280000 - 0x00007ffccc290000 	c:\Users\hyunwoo.kim\.vscode\extensions\redhat.java-1.3.0\jre\17.0.1-win32-x86_64\bin\verify.dll
0x00007ffca7e90000 - 0x00007ffca7ea1000 	C:\Users\hyunwoo.kim\AppData\Roaming\Code\User\globalStorage\redhat.java\1.3.0\config_win\org.eclipse.osgi\22\0\.cp\jWinHttp-1.0.0.dll

dbghelp: loaded successfully - version: 4.0.5 - missing functions: none
symbol engine: initialized successfully - sym options: 0x614 - pdb path: .;c:\Users\hyunwoo.kim\.vscode\extensions\redhat.java-1.3.0\jre\17.0.1-win32-x86_64\bin;C:\WINDOWS\SYSTEM32;C:\WINDOWS\WinSxS\amd64_microsoft.windows.common-controls_6595b64144ccf1df_6.0.19041.1110_none_60b5254171f9507e;c:\Users\hyunwoo.kim\.vscode\extensions\redhat.java-1.3.0\jre\17.0.1-win32-x86_64\bin\server;C:\Users\hyunwoo.kim\AppData\Roaming\Code\User\globalStorage\redhat.java\1.3.0\config_win\org.eclipse.equinox.launcher\org.eclipse.equinox.launcher.win32.win32.x86_64_1.2.400.v20211117-0650;C:\Users\hyunwoo.kim\AppData\Roaming\Code\User\globalStorage\redhat.java\1.3.0\config_win\org.eclipse.osgi\22\0\.cp

VM Arguments:
jvm_args: -Djava.net.preferIPv4Stack=true --add-modules=ALL-SYSTEM --add-opens=java.base/java.util=ALL-UNNAMED --add-opens=java.base/java.lang=ALL-UNNAMED --add-opens=java.base/sun.nio.fs=ALL-UNNAMED -Declipse.application=org.eclipse.jdt.ls.core.id1 -Dosgi.bundles.defaultStartLevel=4 -Declipse.product=org.eclipse.jdt.ls.core.product -Djava.import.generatesMetadataFilesAtProjectRoot=false -Dfile.encoding=utf8 -DwatchParentProcess=false -XX:+UseParallelGC -XX:GCTimeRatio=4 -XX:AdaptiveSizePolicyWeight=90 -Dsun.zip.disableMemoryMapping=true -Xmx1G -Xms100m -XX:+HeapDumpOnOutOfMemoryError -XX:HeapDumpPath=c:\Users\hyunwoo.kim\AppData\Roaming\Code\User\workspaceStorage\88ffa087aa05f331ed0f7280dd86b2ff\redhat.java 
java_command: c:\Users\hyunwoo.kim\.vscode\extensions\redhat.java-1.3.0\server\plugins\org.eclipse.equinox.launcher_1.6.400.v20210924-0641.jar -configuration c:\Users\hyunwoo.kim\AppData\Roaming\Code\User\globalStorage\redhat.java\1.3.0\config_win -data c:\Users\hyunwoo.kim\AppData\Roaming\Code\User\workspaceStorage\88ffa087aa05f331ed0f7280dd86b2ff\redhat.java\jdt_ws
java_class_path (initial): c:\Users\hyunwoo.kim\.vscode\extensions\redhat.java-1.3.0\server\plugins\org.eclipse.equinox.launcher_1.6.400.v20210924-0641.jar
Launcher Type: SUN_STANDARD

[Global flags]
    uintx AdaptiveSizePolicyWeight                 = 90                                        {product} {command line}
     intx CICompilerCount                          = 4                                         {product} {ergonomic}
    uintx GCTimeRatio                              = 4                                         {product} {command line}
     bool HeapDumpOnOutOfMemoryError               = true                                   {manageable} {command line}
    ccstr HeapDumpPath                             = c:\Users\hyunwoo.kim\AppData\Roaming\Code\User\workspaceStorage\88ffa087aa05f331ed0f7280dd86b2ff\redhat.java         {manageable} {command line}
   size_t InitialHeapSize                          = 104857600                                 {product} {command line}
   size_t MaxHeapSize                              = 1073741824                                {product} {command line}
   size_t MaxNewSize                               = 357564416                                 {product} {ergonomic}
   size_t MinHeapDeltaBytes                        = 524288                                    {product} {ergonomic}
   size_t MinHeapSize                              = 104857600                                 {product} {command line}
   size_t NewSize                                  = 34603008                                  {product} {ergonomic}
    uintx NonNMethodCodeHeapSize                   = 5839372                                {pd product} {ergonomic}
    uintx NonProfiledCodeHeapSize                  = 122909434                              {pd product} {ergonomic}
   size_t OldSize                                  = 70254592                                  {product} {ergonomic}
    uintx ProfiledCodeHeapSize                     = 122909434                              {pd product} {ergonomic}
    uintx ReservedCodeCacheSize                    = 251658240                              {pd product} {ergonomic}
     bool SegmentedCodeCache                       = true                                      {product} {ergonomic}
   size_t SoftMaxHeapSize                          = 1073741824                             {manageable} {ergonomic}
     bool UseCompressedClassPointers               = true                           {product lp64_product} {ergonomic}
     bool UseCompressedOops                        = true                           {product lp64_product} {ergonomic}
     bool UseLargePagesIndividualAllocation        = false                                  {pd product} {ergonomic}
     bool UseParallelGC                            = true                                      {product} {command line}

Logging:
Log output configuration:
 #0: stdout all=warning uptime,level,tags
 #1: stderr all=off uptime,level,tags

Environment Variables:
JAVA_HOME=C:\Program Files\Java\jdk1.8.0_271
JAVA_TOOL_OPTIONS=-Djava.net.preferIPv4Stack=true
PATH=D:\dev\jdk\jdk11\bin;C:\Program Files (x86)\Common Files\Oracle\Java\javapath;C:\WINDOWS\Softcamp\SDK;C:\WINDOWS\Softcamp\SDS\x64;C:\WINDOWS\Softcamp\SDS;D:\app\hyunwoo.kim\product\11.2.0\dbhome_1\bin;C:\Program Files (x86)\Intel\Intel(R) Management Engine Components\iCLS\;C:\Program Files\Intel\Intel(R) Management Engine Components\iCLS\;C:\WINDOWS\system32;C:\WINDOWS;C:\WINDOWS\System32\Wbem;C:\WINDOWS\System32\WindowsPowerShell\v1.0\;C:\Program Files (x86)\Intel\Intel(R) Management Engine Components\DAL;C:\Program Files\Intel\Intel(R) Management Engine Components\DAL;C:\WINDOWS\System32\OpenSSH\;C:\Program Files\Java\jdk1.8.0_271\bin;D:\dev\maven\bin;D:\dev\antbin;D:\ProgramFiles\Putty\;C:\Program Files\nodejs\;C:\Program Files\Go\bin;D:\ProgramFiles\Git\cmd;D:\ProgramFiles\spring-2.2.6.RELEASE\bin;D:\ProgramFiles\gradle\gradle-7.1\bin;C:\Program Files\bin;C:\Program Files\dotnet\;C:\Program Files\Docker\Docker\resources\bin;C:\ProgramData\DockerDesktop\version-bin;C:\Program Files\Bandizip\;C:\Users\hyunwoo.kim\AppData\Local\Microsoft\WindowsApps;D:\ProgramFiles\Fiddler;D:\dev\ide\Microsoft VS Code\bin;C:\Users\hyunwoo.kim\AppData\Roaming\npm;C:\Users\hyunwoo.kim\go\bin;;C:\Users\hyunwoo.kim\AppData\Local\cloud-code\installer\google-cloud-sdk\bin;C:\Users\hyunwoo.kim\AppData\Local\Google\Cloud SDK\google-cloud-sdk\bin;C:\Program Files (x86)\Google\Cloud SDK\google-cloud-sdk\bin;C:\Program Files\Google\Cloud SDK\google-cloud-sdk\bin
USERNAME=hyunwoo.kim
OS=Windows_NT
PROCESSOR_IDENTIFIER=Intel64 Family 6 Model 142 Stepping 11, GenuineIntel



---------------  S Y S T E M  ---------------

OS:
 Windows 10 , 64 bit Build 19041 (10.0.19041.1348)
OS uptime: 1 days 8:25 hours
Hyper-V role detected

CPU: total 8 (initial active 8) (4 cores per cpu, 2 threads per core) family 6 model 142 stepping 11 microcode 0xae, cx8, cmov, fxsr, ht, mmx, 3dnowpref, sse, sse2, sse3, ssse3, sse4.1, sse4.2, popcnt, lzcnt, tsc, tscinvbit, avx, avx2, aes, erms, clmul, bmi1, bmi2, adx, fma, vzeroupper, clflush, clflushopt, hv

Memory: 4k page, system-wide physical 16178M (1487M free)
TotalPageFile size 27675M (AvailPageFile size 9M)
current process WorkingSet (physical memory assigned to process): 231M, peak: 234M
current process commit charge ("private bytes"): 321M, peak: 326M

vm_info: OpenJDK 64-Bit Server VM (17.0.1+12) for windows-amd64 JRE (17.0.1+12), built on Oct 20 2021 07:42:55 by "" with MS VC++ 16.7 (VS2019)

END.
