#
# There is insufficient memory for the Java Runtime Environment to continue.
# Native memory allocation (malloc) failed to allocate 754880 bytes for Chunk::new
# Possible reasons:
#   The system is out of physical RAM or swap space
#   The process is running with CompressedOops enabled, and the Java Heap may be blocking the growth of the native heap
# Possible solutions:
#   Reduce memory load on the system
#   Increase physical memory or swap space
#   Check if swap backing store is full
#   Decrease Java heap size (-Xmx/-Xms)
#   Decrease number of Java threads
#   Decrease Java thread stack sizes (-Xss)
#   Set larger code cache with -XX:ReservedCodeCacheSize=
#   JVM is running with Unscaled Compressed Oops mode in which the Java heap is
#     placed in the first 4GB address space. The Java Heap base address is the
#     maximum limit for the native heap growth. Please use -XX:HeapBaseMinAddress
#     to set the Java Heap base and to place the Java Heap above 4GB virtual address.
# This output file may be truncated or incomplete.
#
#  Out of Memory Error (arena.cpp:189), pid=18072, tid=26064
#
# JRE version: OpenJDK Runtime Environment Temurin-17.0.1+12 (17.0.1+12) (build 17.0.1+12)
# Java VM: OpenJDK 64-Bit Server VM Temurin-17.0.1+12 (17.0.1+12, mixed mode, tiered, compressed oops, compressed class ptrs, parallel gc, windows-amd64)
# No core dump will be written. Minidumps are not enabled by default on client versions of Windows
#

---------------  S U M M A R Y ------------

Command Line: -Djava.net.preferIPv4Stack=true --add-modules=ALL-SYSTEM --add-opens=java.base/java.util=ALL-UNNAMED --add-opens=java.base/java.lang=ALL-UNNAMED --add-opens=java.base/sun.nio.fs=ALL-UNNAMED -Declipse.application=org.eclipse.jdt.ls.core.id1 -Dosgi.bundles.defaultStartLevel=4 -Declipse.product=org.eclipse.jdt.ls.core.product -Djava.import.generatesMetadataFilesAtProjectRoot=false -Dfile.encoding=utf8 -DwatchParentProcess=false -XX:+UseParallelGC -XX:GCTimeRatio=4 -XX:AdaptiveSizePolicyWeight=90 -Dsun.zip.disableMemoryMapping=true -Xmx1G -Xms100m -XX:+HeapDumpOnOutOfMemoryError -XX:HeapDumpPath=c:\Users\hyunwoo.kim\AppData\Roaming\Code\User\workspaceStorage\88ffa087aa05f331ed0f7280dd86b2ff\redhat.java c:\Users\hyunwoo.kim\.vscode\extensions\redhat.java-1.3.0\server\plugins\org.eclipse.equinox.launcher_1.6.400.v20210924-0641.jar -configuration c:\Users\hyunwoo.kim\AppData\Roaming\Code\User\globalStorage\redhat.java\1.3.0\config_win -data c:\Users\hyunwoo.kim\AppData\Roaming\Code\User\workspaceStorage\88ffa087aa05f331ed0f7280dd86b2ff\redhat.java\jdt_ws

Host: Intel(R) Core(TM) i7-8565U CPU @ 1.80GHz, 8 cores, 15G,  Windows 10 , 64 bit Build 19041 (10.0.19041.1348)
Time: Thu Jan 27 16:56:10 2022  Windows 10 , 64 bit Build 19041 (10.0.19041.1348) elapsed time: 9.405979 seconds (0d 0h 0m 9s)

---------------  T H R E A D  ---------------

Current thread (0x0000015dc1376dd0):  JavaThread "C2 CompilerThread2" daemon [_thread_in_native, id=26064, stack(0x000000074d100000,0x000000074d200000)]


Current CompileTask:
C2:   9406 3029       4       sun.nio.fs.WindowsPathParser::normalize (233 bytes)

Stack: [0x000000074d100000,0x000000074d200000]
Native frames: (J=compiled Java code, j=interpreted, Vv=VM code, C=native code)
V  [jvm.dll+0x6744da]
V  [jvm.dll+0x82e144]
V  [jvm.dll+0x82f8ee]
V  [jvm.dll+0x82ff53]
V  [jvm.dll+0x245175]
V  [jvm.dll+0xab85b]
V  [jvm.dll+0xabdec]
V  [jvm.dll+0x362f07]
V  [jvm.dll+0x32d4c1]
V  [jvm.dll+0x32c96a]
V  [jvm.dll+0x218031]
V  [jvm.dll+0x217451]
V  [jvm.dll+0x1a355d]
V  [jvm.dll+0x226e38]
V  [jvm.dll+0x224f7c]
V  [jvm.dll+0x7e3f5b]
V  [jvm.dll+0x7de51a]
V  [jvm.dll+0x673305]
C  [ucrtbase.dll+0x21bb2]
C  [KERNEL32.DLL+0x17034]
C  [ntdll.dll+0x52651]


---------------  P R O C E S S  ---------------

Threads class SMR info:
_java_thread_list=0x0000015dc1362cb0, length=25, elements={
0x0000015da8b926b0, 0x0000015dbca11e30, 0x0000015dbca16de0, 0x0000015dbeffa540,
0x0000015dbeffb000, 0x0000015dbefd4530, 0x0000015dbf019920, 0x0000015dbf01acb0,
0x0000015dbf01cd60, 0x0000015dbf0265d0, 0x0000015dbf0fb1b0, 0x0000015dbf206340,
0x0000015dbf821410, 0x0000015dbf865380, 0x0000015dbf740e70, 0x0000015dbf983d70,
0x0000015dbf85f3c0, 0x0000015dbfbae030, 0x0000015dbf94dc70, 0x0000015dc0ca9630,
0x0000015dc0c83000, 0x0000015dc0c80980, 0x0000015dc0c4b410, 0x0000015dc0c81320,
0x0000015dc1376dd0
}

Java Threads: ( => current thread )
  0x0000015da8b926b0 JavaThread "main" [_thread_blocked, id=7780, stack(0x000000074af00000,0x000000074b000000)]
  0x0000015dbca11e30 JavaThread "Reference Handler" daemon [_thread_blocked, id=20060, stack(0x000000074b200000,0x000000074b300000)]
  0x0000015dbca16de0 JavaThread "Finalizer" daemon [_thread_blocked, id=23380, stack(0x000000074b300000,0x000000074b400000)]
  0x0000015dbeffa540 JavaThread "Signal Dispatcher" daemon [_thread_blocked, id=28456, stack(0x000000074b400000,0x000000074b500000)]
  0x0000015dbeffb000 JavaThread "Attach Listener" daemon [_thread_blocked, id=25608, stack(0x000000074b500000,0x000000074b600000)]
  0x0000015dbefd4530 JavaThread "Service Thread" daemon [_thread_blocked, id=19596, stack(0x000000074b600000,0x000000074b700000)]
  0x0000015dbf019920 JavaThread "Monitor Deflation Thread" daemon [_thread_blocked, id=25012, stack(0x000000074b700000,0x000000074b800000)]
  0x0000015dbf01acb0 JavaThread "C2 CompilerThread0" daemon [_thread_in_native, id=17548, stack(0x000000074b800000,0x000000074b900000)]
  0x0000015dbf01cd60 JavaThread "C1 CompilerThread0" daemon [_thread_blocked, id=22560, stack(0x000000074b900000,0x000000074ba00000)]
  0x0000015dbf0265d0 JavaThread "Sweeper thread" daemon [_thread_blocked, id=22796, stack(0x000000074ba00000,0x000000074bb00000)]
  0x0000015dbf0fb1b0 JavaThread "Common-Cleaner" daemon [_thread_blocked, id=25528, stack(0x000000074bb00000,0x000000074bc00000)]
  0x0000015dbf206340 JavaThread "Notification Thread" daemon [_thread_blocked, id=11280, stack(0x000000074bd00000,0x000000074be00000)]
  0x0000015dbf821410 JavaThread "Active Thread: Equinox Container: d29c2039-ddc9-4d27-9e43-232f1918d445" [_thread_blocked, id=26360, stack(0x000000074bf00000,0x000000074c000000)]
  0x0000015dbf865380 JavaThread "Framework Event Dispatcher: Equinox Container: d29c2039-ddc9-4d27-9e43-232f1918d445" daemon [_thread_blocked, id=4316, stack(0x000000074c600000,0x000000074c700000)]
  0x0000015dbf740e70 JavaThread "Start Level: Equinox Container: d29c2039-ddc9-4d27-9e43-232f1918d445" daemon [_thread_in_vm, id=30380, stack(0x000000074c700000,0x000000074c800000)]
  0x0000015dbf983d70 JavaThread "SCR Component Actor" daemon [_thread_blocked, id=25560, stack(0x000000074c800000,0x000000074c900000)]
  0x0000015dbf85f3c0 JavaThread "Timer-0" [_thread_blocked, id=12852, stack(0x000000074c900000,0x000000074ca00000)]
  0x0000015dbfbae030 JavaThread "Bundle File Closer" daemon [_thread_blocked, id=30784, stack(0x000000074ca00000,0x000000074cb00000)]
  0x0000015dbf94dc70 JavaThread "Worker-JM" [_thread_blocked, id=25160, stack(0x000000074cb00000,0x000000074cc00000)]
  0x0000015dc0ca9630 JavaThread "Worker-0" [_thread_blocked, id=23280, stack(0x000000074cc00000,0x000000074cd00000)]
  0x0000015dc0c83000 JavaThread "Worker-1" [_thread_blocked, id=15676, stack(0x000000074ce00000,0x000000074cf00000)]
  0x0000015dc0c80980 JavaThread "Worker-2" [_thread_blocked, id=25252, stack(0x000000074bc00000,0x000000074bd00000)]
  0x0000015dc0c4b410 JavaThread "C2 CompilerThread1" daemon [_thread_blocked, id=18556, stack(0x000000074cf00000,0x000000074d000000)]
  0x0000015dc0c81320 JavaThread "Java indexing" daemon [_thread_blocked, id=26928, stack(0x000000074d000000,0x000000074d100000)]
=>0x0000015dc1376dd0 JavaThread "C2 CompilerThread2" daemon [_thread_in_native, id=26064, stack(0x000000074d100000,0x000000074d200000)]

Other Threads:
  0x0000015dbca0fba0 VMThread "VM Thread" [stack: 0x000000074b100000,0x000000074b200000] [id=23040]
  0x0000015dbf206810 WatcherThread [stack: 0x000000074be00000,0x000000074bf00000] [id=27240]
  0x0000015da8baa500 GCTaskThread "GC Thread#0" [stack: 0x000000074b000000,0x000000074b100000] [id=23028]
  0x0000015dbf62a5b0 GCTaskThread "GC Thread#1" [stack: 0x000000074c000000,0x000000074c100000] [id=4756]
  0x0000015dbf995230 GCTaskThread "GC Thread#2" [stack: 0x000000074c100000,0x000000074c200000] [id=26636]
  0x0000015dbf9954e0 GCTaskThread "GC Thread#3" [stack: 0x000000074c200000,0x000000074c300000] [id=19600]
  0x0000015dbf420660 GCTaskThread "GC Thread#4" [stack: 0x000000074c300000,0x000000074c400000] [id=28460]
  0x0000015dbf420910 GCTaskThread "GC Thread#5" [stack: 0x000000074c400000,0x000000074c500000] [id=22624]
  0x0000015dbf8648c0 GCTaskThread "GC Thread#6" [stack: 0x000000074c500000,0x000000074c600000] [id=11552]
  0x0000015dc0c8d740 GCTaskThread "GC Thread#7" [stack: 0x000000074cd00000,0x000000074ce00000] [id=24904]

Threads with active compile tasks:
C2 CompilerThread0     9511 3040       4       java.util.Properties::loadConvert (540 bytes)
C2 CompilerThread1     9511 3084       4       java.util.LinkedHashMap::newNode (23 bytes)
C2 CompilerThread2     9512 3029       4       sun.nio.fs.WindowsPathParser::normalize (233 bytes)

VM state: not at safepoint (normal execution)

VM Mutex/Monitor currently owned by a thread: None

Heap address: 0x00000000c0000000, size: 1024 MB, Compressed Oops mode: 32-bit

CDS archive(s) not mapped
Compressed class space mapped at: 0x0000000100000000-0x0000000140000000, reserved size: 1073741824
Narrow klass base: 0x0000000000000000, Narrow klass shift: 3, Narrow klass range: 0x140000000

GC Precious Log:
 CPUs: 8 total, 8 available
 Memory: 16178M
 Large Page Support: Disabled
 NUMA Support: Disabled
 Compressed Oops: Enabled (32-bit)
 Alignments: Space 512K, Generation 512K, Heap 2M
 Heap Min Capacity: 100M
 Heap Initial Capacity: 100M
 Heap Max Capacity: 1G
 Pre-touch: Disabled
 Parallel Workers: 8

Heap:
 PSYoungGen      total 29696K, used 23067K [0x00000000eab00000, 0x00000000ecc00000, 0x0000000100000000)
  eden space 25600K, 84% used [0x00000000eab00000,0x00000000ec024058,0x00000000ec400000)
  from space 4096K, 34% used [0x00000000ec800000,0x00000000ec962f48,0x00000000ecc00000)
  to   space 4096K, 0% used [0x00000000ec400000,0x00000000ec400000,0x00000000ec800000)
 ParOldGen       total 68608K, used 10012K [0x00000000c0000000, 0x00000000c4300000, 0x00000000eab00000)
  object space 68608K, 14% used [0x00000000c0000000,0x00000000c09c7070,0x00000000c4300000)
 Metaspace       used 33361K, committed 33920K, reserved 1081344K
  class space    used 3407K, committed 3648K, reserved 1048576K

Card table byte_map: [0x0000015da8580000,0x0000015da8790000] _byte_map_base: 0x0000015da7f80000

Marking Bits: (ParMarkBitMap*) 0x00007ffc83fb2a60
 Begin Bits: [0x0000015dba820000, 0x0000015dbb820000)
 End Bits:   [0x0000015dbb820000, 0x0000015dbc820000)

Polling page: 0x0000015da8370000

Metaspace:

Usage:
  Non-class:     29.25 MB used.
      Class:      3.33 MB used.
       Both:     32.58 MB used.

Virtual space:
  Non-class space:       32.00 MB reserved,      29.56 MB ( 92%) committed,  4 nodes.
      Class space:        1.00 GB reserved,       3.56 MB ( <1%) committed,  1 nodes.
             Both:        1.03 GB reserved,      33.12 MB (  3%) committed. 

Chunk freelists:
   Non-Class:  1.58 MB
       Class:  320.00 KB
        Both:  1.89 MB

MaxMetaspaceSize: unlimited
CompressedClassSpaceSize: 1.00 GB
Initial GC threshold: 21.00 MB
Current GC threshold: 35.00 MB
CDS: off
MetaspaceReclaimPolicy: balanced
 - commit_granule_bytes: 65536.
 - commit_granule_words: 8192.
 - virtual_space_node_default_size: 1048576.
 - enlarge_chunks_in_place: 1.
 - new_chunks_are_fully_committed: 0.
 - uncommit_free_chunks: 1.
 - use_allocation_guard: 0.
 - handle_deallocations: 1.


Internal statistics:

num_allocs_failed_limit: 3.
num_arena_births: 234.
num_arena_deaths: 0.
num_vsnodes_births: 5.
num_vsnodes_deaths: 0.
num_space_committed: 530.
num_space_uncommitted: 0.
num_chunks_returned_to_freelist: 3.
num_chunks_taken_from_freelist: 1241.
num_chunk_merges: 3.
num_chunk_splits: 827.
num_chunks_enlarged: 544.
num_purges: 0.
num_inconsistent_stats: 0.

CodeHeap 'non-profiled nmethods': size=120000Kb used=1255Kb max_used=1255Kb free=118744Kb
 bounds [0x0000015db32f0000, 0x0000015db3560000, 0x0000015dba820000]
CodeHeap 'profiled nmethods': size=120000Kb used=6174Kb max_used=6174Kb free=113825Kb
 bounds [0x0000015dabdc0000, 0x0000015dac3d0000, 0x0000015db32f0000]
CodeHeap 'non-nmethods': size=5760Kb used=1250Kb max_used=1299Kb free=4509Kb
 bounds [0x0000015dab820000, 0x0000015daba90000, 0x0000015dabdc0000]
 total_blobs=3656 nmethods=3085 adapters=484
 compilation: enabled
              stopped_count=0, restarted_count=0
 full_count=0

Compilation events (20 events):
Event: 9.374 Thread 0x0000015dbf01cd60 3050       3       sun.util.ResourceBundleEnumeration::hasMoreElements (117 bytes)
Event: 9.375 Thread 0x0000015dbf01cd60 nmethod 3050 0x0000015dac3b9090 code [0x0000015dac3b92c0, 0x0000015dac3b9ca8]
Event: 9.375 Thread 0x0000015dbf01cd60 3052       3       org.eclipse.jdt.internal.compiler.util.HashtableOfInt::put (95 bytes)
Event: 9.376 Thread 0x0000015dbf01cd60 nmethod 3052 0x0000015dac3b9e90 code [0x0000015dac3ba080, 0x0000015dac3ba668]
Event: 9.376 Thread 0x0000015dbf01cd60 3053       3       sun.util.ResourceBundleEnumeration::nextElement (27 bytes)
Event: 9.376 Thread 0x0000015dbf01cd60 nmethod 3053 0x0000015dac3ba890 code [0x0000015dac3baa40, 0x0000015dac3bacb8]
Event: 9.376 Thread 0x0000015dbf01cd60 3051       3       sun.util.ResourceBundleEnumeration::nextElement (5 bytes)
Event: 9.377 Thread 0x0000015dbf01cd60 nmethod 3051 0x0000015dac3bae10 code [0x0000015dac3bafe0, 0x0000015dac3bb2b8]
Event: 9.377 Thread 0x0000015dbf01cd60 3054       3       org.eclipse.jdt.internal.compiler.problem.DefaultProblemFactory::keyFromID (4 bytes)
Event: 9.377 Thread 0x0000015dbf01cd60 nmethod 3054 0x0000015dac3bb410 code [0x0000015dac3bb5a0, 0x0000015dac3bb698]
Event: 9.378 Thread 0x0000015dbf01cd60 3055       1       org.eclipse.equinox.internal.security.storage.PersistedPath::getKey (5 bytes)
Event: 9.378 Thread 0x0000015dbf01cd60 nmethod 3055 0x0000015db3422b90 code [0x0000015db3422d20, 0x0000015db3422df8]
Event: 9.378 Thread 0x0000015dbf01cd60 3056       3       org.eclipse.equinox.internal.security.storage.SecurePreferences::navigateToNode (96 bytes)
Event: 9.380 Thread 0x0000015dbf01cd60 nmethod 3056 0x0000015dac3bb710 code [0x0000015dac3bb9e0, 0x0000015dac3bc6d8]
Event: 9.380 Thread 0x0000015dbf01cd60 3057       3       org.eclipse.equinox.internal.security.storage.SecurePreferences::isValid (121 bytes)
Event: 9.383 Thread 0x0000015dbf01cd60 nmethod 3057 0x0000015dac3bcb90 code [0x0000015dac3bcda0, 0x0000015dac3bd578]
Event: 9.383 Thread 0x0000015dc0c4b410 nmethod 3033 0x0000015db3422e90 code [0x0000015db3423060, 0x0000015db3424168]
Event: 9.383 Thread 0x0000015dbf01cd60 3058       1       org.eclipse.equinox.internal.security.storage.PersistedPath::getPath (5 bytes)
Event: 9.384 Thread 0x0000015dbf01cd60 nmethod 3058 0x0000015db3424890 code [0x0000015db3424a20, 0x0000015db3424af8]
Event: 9.385 Thread 0x0000015dc0c4b410 3046       4       java.util.Properties$LineReader::readLine (584 bytes)

GC Heap History (10 events):
Event: 6.475 GC heap before
{Heap before GC invocations=1 (full 0):
 PSYoungGen      total 29696K, used 25600K [0x00000000eab00000, 0x00000000ecc00000, 0x0000000100000000)
  eden space 25600K, 100% used [0x00000000eab00000,0x00000000ec400000,0x00000000ec400000)
  from space 4096K, 0% used [0x00000000ec800000,0x00000000ec800000,0x00000000ecc00000)
  to   space 4096K, 0% used [0x00000000ec400000,0x00000000ec400000,0x00000000ec800000)
 ParOldGen       total 68608K, used 0K [0x00000000c0000000, 0x00000000c4300000, 0x00000000eab00000)
  object space 68608K, 0% used [0x00000000c0000000,0x00000000c0000000,0x00000000c4300000)
 Metaspace       used 12871K, committed 13056K, reserved 1064960K
  class space    used 1303K, committed 1408K, reserved 1048576K
}
Event: 6.485 GC heap after
{Heap after GC invocations=1 (full 0):
 PSYoungGen      total 29696K, used 4083K [0x00000000eab00000, 0x00000000ecc00000, 0x0000000100000000)
  eden space 25600K, 0% used [0x00000000eab00000,0x00000000eab00000,0x00000000ec400000)
  from space 4096K, 99% used [0x00000000ec400000,0x00000000ec7fceb0,0x00000000ec800000)
  to   space 4096K, 0% used [0x00000000ec800000,0x00000000ec800000,0x00000000ecc00000)
 ParOldGen       total 68608K, used 832K [0x00000000c0000000, 0x00000000c4300000, 0x00000000eab00000)
  object space 68608K, 1% used [0x00000000c0000000,0x00000000c00d0020,0x00000000c4300000)
 Metaspace       used 12871K, committed 13056K, reserved 1064960K
  class space    used 1303K, committed 1408K, reserved 1048576K
}
Event: 7.658 GC heap before
{Heap before GC invocations=2 (full 0):
 PSYoungGen      total 29696K, used 29683K [0x00000000eab00000, 0x00000000ecc00000, 0x0000000100000000)
  eden space 25600K, 100% used [0x00000000eab00000,0x00000000ec400000,0x00000000ec400000)
  from space 4096K, 99% used [0x00000000ec400000,0x00000000ec7fceb0,0x00000000ec800000)
  to   space 4096K, 0% used [0x00000000ec800000,0x00000000ec800000,0x00000000ecc00000)
 ParOldGen       total 68608K, used 832K [0x00000000c0000000, 0x00000000c4300000, 0x00000000eab00000)
  object space 68608K, 1% used [0x00000000c0000000,0x00000000c00d0020,0x00000000c4300000)
 Metaspace       used 20065K, committed 20480K, reserved 1073152K
  class space    used 2043K, committed 2240K, reserved 1048576K
}
Event: 7.667 GC heap after
{Heap after GC invocations=2 (full 0):
 PSYoungGen      total 29696K, used 4068K [0x00000000eab00000, 0x00000000ecc00000, 0x0000000100000000)
  eden space 25600K, 0% used [0x00000000eab00000,0x00000000eab00000,0x00000000ec400000)
  from space 4096K, 99% used [0x00000000ec800000,0x00000000ecbf93d0,0x00000000ecc00000)
  to   space 4096K, 0% used [0x00000000ec400000,0x00000000ec400000,0x00000000ec800000)
 ParOldGen       total 68608K, used 6023K [0x00000000c0000000, 0x00000000c4300000, 0x00000000eab00000)
  object space 68608K, 8% used [0x00000000c0000000,0x00000000c05e1c80,0x00000000c4300000)
 Metaspace       used 20065K, committed 20480K, reserved 1073152K
  class space    used 2043K, committed 2240K, reserved 1048576K
}
Event: 7.761 GC heap before
{Heap before GC invocations=3 (full 0):
 PSYoungGen      total 29696K, used 6982K [0x00000000eab00000, 0x00000000ecc00000, 0x0000000100000000)
  eden space 25600K, 11% used [0x00000000eab00000,0x00000000eadd85b8,0x00000000ec400000)
  from space 4096K, 99% used [0x00000000ec800000,0x00000000ecbf93d0,0x00000000ecc00000)
  to   space 4096K, 0% used [0x00000000ec400000,0x00000000ec400000,0x00000000ec800000)
 ParOldGen       total 68608K, used 6023K [0x00000000c0000000, 0x00000000c4300000, 0x00000000eab00000)
  object space 68608K, 8% used [0x00000000c0000000,0x00000000c05e1c80,0x00000000c4300000)
 Metaspace       used 21108K, committed 21504K, reserved 1073152K
  class space    used 2139K, committed 2304K, reserved 1048576K
}
Event: 7.764 GC heap after
{Heap after GC invocations=3 (full 0):
 PSYoungGen      total 29696K, used 4095K [0x00000000eab00000, 0x00000000ecc00000, 0x0000000100000000)
  eden space 25600K, 0% used [0x00000000eab00000,0x00000000eab00000,0x00000000ec400000)
  from space 4096K, 99% used [0x00000000ec400000,0x00000000ec7ffdf0,0x00000000ec800000)
  to   space 4096K, 0% used [0x00000000ec800000,0x00000000ec800000,0x00000000ecc00000)
 ParOldGen       total 68608K, used 6159K [0x00000000c0000000, 0x00000000c4300000, 0x00000000eab00000)
  object space 68608K, 8% used [0x00000000c0000000,0x00000000c0603d40,0x00000000c4300000)
 Metaspace       used 21108K, committed 21504K, reserved 1073152K
  class space    used 2139K, committed 2304K, reserved 1048576K
}
Event: 7.764 GC heap before
{Heap before GC invocations=4 (full 1):
 PSYoungGen      total 29696K, used 4095K [0x00000000eab00000, 0x00000000ecc00000, 0x0000000100000000)
  eden space 25600K, 0% used [0x00000000eab00000,0x00000000eab00000,0x00000000ec400000)
  from space 4096K, 99% used [0x00000000ec400000,0x00000000ec7ffdf0,0x00000000ec800000)
  to   space 4096K, 0% used [0x00000000ec800000,0x00000000ec800000,0x00000000ecc00000)
 ParOldGen       total 68608K, used 6159K [0x00000000c0000000, 0x00000000c4300000, 0x00000000eab00000)
  object space 68608K, 8% used [0x00000000c0000000,0x00000000c0603d40,0x00000000c4300000)
 Metaspace       used 21108K, committed 21504K, reserved 1073152K
  class space    used 2139K, committed 2304K, reserved 1048576K
}
Event: 7.790 GC heap after
{Heap after GC invocations=4 (full 1):
 PSYoungGen      total 29696K, used 0K [0x00000000eab00000, 0x00000000ecc00000, 0x0000000100000000)
  eden space 25600K, 0% used [0x00000000eab00000,0x00000000eab00000,0x00000000ec400000)
  from space 4096K, 0% used [0x00000000ec400000,0x00000000ec400000,0x00000000ec800000)
  to   space 4096K, 0% used [0x00000000ec800000,0x00000000ec800000,0x00000000ecc00000)
 ParOldGen       total 68608K, used 10004K [0x00000000c0000000, 0x00000000c4300000, 0x00000000eab00000)
  object space 68608K, 14% used [0x00000000c0000000,0x00000000c09c5070,0x00000000c4300000)
 Metaspace       used 21108K, committed 21504K, reserved 1073152K
  class space    used 2139K, committed 2304K, reserved 1048576K
}
Event: 8.460 GC heap before
{Heap before GC invocations=5 (full 1):
 PSYoungGen      total 29696K, used 25600K [0x00000000eab00000, 0x00000000ecc00000, 0x0000000100000000)
  eden space 25600K, 100% used [0x00000000eab00000,0x00000000ec400000,0x00000000ec400000)
  from space 4096K, 0% used [0x00000000ec400000,0x00000000ec400000,0x00000000ec800000)
  to   space 4096K, 0% used [0x00000000ec800000,0x00000000ec800000,0x00000000ecc00000)
 ParOldGen       total 68608K, used 10004K [0x00000000c0000000, 0x00000000c4300000, 0x00000000eab00000)
  object space 68608K, 14% used [0x00000000c0000000,0x00000000c09c5070,0x00000000c4300000)
 Metaspace       used 27732K, committed 28288K, reserved 1081344K
  class space    used 2700K, committed 2944K, reserved 1048576K
}
Event: 8.463 GC heap after
{Heap after GC invocations=5 (full 1):
 PSYoungGen      total 29696K, used 1419K [0x00000000eab00000, 0x00000000ecc00000, 0x0000000100000000)
  eden space 25600K, 0% used [0x00000000eab00000,0x00000000eab00000,0x00000000ec400000)
  from space 4096K, 34% used [0x00000000ec800000,0x00000000ec962f48,0x00000000ecc00000)
  to   space 4096K, 0% used [0x00000000ec400000,0x00000000ec400000,0x00000000ec800000)
 ParOldGen       total 68608K, used 10012K [0x00000000c0000000, 0x00000000c4300000, 0x00000000eab00000)
  object space 68608K, 14% used [0x00000000c0000000,0x00000000c09c7070,0x00000000c4300000)
 Metaspace       used 27732K, committed 28288K, reserved 1081344K
  class space    used 2700K, committed 2944K, reserved 1048576K
}

Deoptimization events (20 events):
Event: 9.363 Thread 0x0000015dc0c83000 DEOPT PACKING pc=0x0000015dac3a879e sp=0x000000074cefd810
Event: 9.363 Thread 0x0000015dc0c83000 DEOPT UNPACKING pc=0x0000015dab872843 sp=0x000000074cefcd00 mode 0
Event: 9.364 Thread 0x0000015dc0c83000 DEOPT PACKING pc=0x0000015dac3a879e sp=0x000000074cefd810
Event: 9.364 Thread 0x0000015dc0c83000 DEOPT UNPACKING pc=0x0000015dab872843 sp=0x000000074cefcd00 mode 0
Event: 9.364 Thread 0x0000015dc0c83000 DEOPT PACKING pc=0x0000015dac3a879e sp=0x000000074cefd810
Event: 9.364 Thread 0x0000015dc0c83000 DEOPT UNPACKING pc=0x0000015dab872843 sp=0x000000074cefcd00 mode 0
Event: 9.365 Thread 0x0000015dc0c83000 DEOPT PACKING pc=0x0000015dac3a879e sp=0x000000074cefd810
Event: 9.365 Thread 0x0000015dc0c83000 DEOPT UNPACKING pc=0x0000015dab872843 sp=0x000000074cefcd00 mode 0
Event: 9.368 Thread 0x0000015dbf740e70 Uncommon trap: trap_request=0xffffff45 fr.pc=0x0000015db340069c relative=0x000000000000053c
Event: 9.368 Thread 0x0000015dbf740e70 Uncommon trap: reason=unstable_if action=reinterpret pc=0x0000015db340069c method=java.util.Properties.load0(Ljava/util/Properties$LineReader;)V @ 114 c2
Event: 9.368 Thread 0x0000015dbf740e70 DEOPT PACKING pc=0x0000015db340069c sp=0x000000074c7fcaa0
Event: 9.368 Thread 0x0000015dbf740e70 DEOPT UNPACKING pc=0x0000015dab8720a3 sp=0x000000074c7fca18 mode 2
Event: 9.368 Thread 0x0000015dbf740e70 Uncommon trap: trap_request=0xffffff45 fr.pc=0x0000015db33cfa44 relative=0x00000000000005e4
Event: 9.368 Thread 0x0000015dbf740e70 Uncommon trap: reason=unstable_if action=reinterpret pc=0x0000015db33cfa44 method=java.util.Properties.load0(Ljava/util/Properties$LineReader;)V @ 114 c2
Event: 9.368 Thread 0x0000015dbf740e70 DEOPT PACKING pc=0x0000015db33cfa44 sp=0x000000074c7fca80
Event: 9.368 Thread 0x0000015dbf740e70 DEOPT UNPACKING pc=0x0000015dab8720a3 sp=0x000000074c7fca18 mode 2
Event: 9.369 Thread 0x0000015dbf740e70 DEOPT PACKING pc=0x0000015dac3a879e sp=0x000000074c7fc950
Event: 9.369 Thread 0x0000015dbf740e70 DEOPT UNPACKING pc=0x0000015dab872843 sp=0x000000074c7fbe48 mode 0
Event: 9.370 Thread 0x0000015dbf740e70 DEOPT PACKING pc=0x0000015dac3a879e sp=0x000000074c7fc950
Event: 9.370 Thread 0x0000015dbf740e70 DEOPT UNPACKING pc=0x0000015dab872843 sp=0x000000074c7fbe48 mode 0

Classes unloaded (0 events):
No events

Classes redefined (0 events):
No events

Internal exceptions (20 events):
Event: 6.125 Thread 0x0000015da8b926b0 Exception <a 'java/lang/NoSuchMethodError'{0x00000000ebeb4218}: 'java.lang.Object java.lang.invoke.Invokers$Holder.invokeExact_MT(java.lang.Object, java.lang.Object, java.lang.Object, java.lang.Object, java.lang.Object, java.lang.Object)'> (0x00000000ebeb4218) 
thrown [e:\jenkins\tmp\workspace\build\src\src\hotspot\share\interpreter\linkResolver.cpp, line 766]
Event: 6.213 Thread 0x0000015da8b926b0 Exception <a 'java/lang/NoSuchMethodError'{0x00000000ec0c7c28}: 'java.lang.Object java.lang.invoke.DirectMethodHandle$Holder.newInvokeSpecial(java.lang.Object, int, java.lang.Object)'> (0x00000000ec0c7c28) 
thrown [e:\jenkins\tmp\workspace\build\src\src\hotspot\share\interpreter\linkResolver.cpp, line 766]
Event: 6.475 Thread 0x0000015da8b926b0 Exception <a 'java/lang/NoSuchMethodError'{0x00000000ec3fe638}: 'java.lang.Object java.lang.invoke.Invokers$Holder.linkToTargetMethod(java.lang.Object, java.lang.Object, java.lang.Object, int, java.lang.Object)'> (0x00000000ec3fe638) 
thrown [e:\jenkins\tmp\workspace\build\src\src\hotspot\share\interpreter\linkResolver.cpp, line 766]
Event: 6.498 Thread 0x0000015da8b926b0 Exception <a 'java/lang/UnsatisfiedLinkError'{0x00000000eab2b868}: 'void org.eclipse.equinox.launcher.JNIBridge._update_splash()'> (0x00000000eab2b868) 
thrown [e:\jenkins\tmp\workspace\build\src\src\hotspot\share\prims\nativeLookup.cpp, line 543]
Event: 6.741 Thread 0x0000015dbf740e70 Exception <a 'java/io/FileNotFoundException'{0x00000000eafd67d0}> (0x00000000eafd67d0) 
thrown [e:\jenkins\tmp\workspace\build\src\src\hotspot\share\prims\jni.cpp, line 516]
Event: 7.326 Thread 0x0000015dbf740e70 Exception <a 'java/lang/NoSuchMethodError'{0x00000000ebe5ffa0}: 'void java.lang.invoke.DirectMethodHandle$Holder.invokeInterface(java.lang.Object, java.lang.Object, java.lang.Object)'> (0x00000000ebe5ffa0) 
thrown [e:\jenkins\tmp\workspace\build\src\src\hotspot\share\interpreter\linkResolver.cpp, line 766]
Event: 7.420 Thread 0x0000015dbf740e70 Exception <a 'java/io/FileNotFoundException'{0x00000000ec02e278}> (0x00000000ec02e278) 
thrown [e:\jenkins\tmp\workspace\build\src\src\hotspot\share\prims\jni.cpp, line 516]
Event: 7.681 Thread 0x0000015dbf740e70 Exception <a 'java/lang/NoSuchMethodError'{0x00000000eab52308}: 'int java.lang.invoke.DirectMethodHandle$Holder.invokeStaticInit(java.lang.Object, java.lang.Object, java.lang.Object)'> (0x00000000eab52308) 
thrown [e:\jenkins\tmp\workspace\build\src\src\hotspot\share\interpreter\linkResolver.cpp, line 766]
Event: 7.690 Thread 0x0000015dbf740e70 Exception <a 'java/lang/IncompatibleClassChangeError'{0x00000000eabeb978}: Found class java.lang.Object, but interface was expected> (0x00000000eabeb978) 
thrown [e:\jenkins\tmp\workspace\build\src\src\hotspot\share\interpreter\linkResolver.cpp, line 833]
Event: 8.184 Thread 0x0000015dbf740e70 Exception <a 'java/lang/ClassNotFoundException'{0x00000000ebf40418}: com/sun/org/apache/xerces/internal/impl/msg/spi/DOMMessagesProvider> (0x00000000ebf40418) 
thrown [e:\jenkins\tmp\workspace\build\src\src\hotspot\share\classfile\systemDictionary.cpp, line 256]
Event: 8.189 Thread 0x0000015dbf740e70 Exception <a 'java/lang/ClassNotFoundException'{0x00000000ebf6ac58}: com/sun/org/apache/xerces/internal/impl/msg/spi/XMLSerializerMessagesProvider> (0x00000000ebf6ac58) 
thrown [e:\jenkins\tmp\workspace\build\src\src\hotspot\share\classfile\systemDictionary.cpp, line 256]
Event: 8.190 Thread 0x0000015dbf740e70 Exception <a 'java/lang/ClassNotFoundException'{0x00000000ebf84498}: com/sun/org/apache/xerces/internal/impl/msg/spi/XMLMessagesProvider> (0x00000000ebf84498) 
thrown [e:\jenkins\tmp\workspace\build\src\src\hotspot\share\classfile\systemDictionary.cpp, line 256]
Event: 8.378 Thread 0x0000015dbf740e70 Exception <a 'java/lang/ClassNotFoundException'{0x00000000ec288630}: com/sun/org/apache/xml/internal/serializer/spi/XMLEntitiesProvider> (0x00000000ec288630) 
thrown [e:\jenkins\tmp\workspace\build\src\src\hotspot\share\classfile\systemDictionary.cpp, line 256]
Event: 8.997 Thread 0x0000015dbf740e70 Exception <a 'java/lang/NoSuchMethodError'{0x00000000eb63dd60}: 'void java.lang.invoke.DirectMethodHandle$Holder.invokeSpecial(java.lang.Object, java.lang.Object, java.lang.Object, int)'> (0x00000000eb63dd60) 
thrown [e:\jenkins\tmp\workspace\build\src\src\hotspot\share\interpreter\linkResolver.cpp, line 766]
Event: 9.144 Thread 0x0000015dc0c83000 Exception <a 'java/io/FileNotFoundException'{0x00000000eb7e5258}> (0x00000000eb7e5258) 
thrown [e:\jenkins\tmp\workspace\build\src\src\hotspot\share\prims\jni.cpp, line 516]
Event: 9.145 Thread 0x0000015dc0c83000 Exception <a 'java/io/FileNotFoundException'{0x00000000eb7e7708}> (0x00000000eb7e7708) 
thrown [e:\jenkins\tmp\workspace\build\src\src\hotspot\share\prims\jni.cpp, line 516]
Event: 9.158 Thread 0x0000015dc0c83000 Exception <a 'java/lang/NoSuchMethodError'{0x00000000eb7ef650}: 'void java.lang.invoke.DirectMethodHandle$Holder.invokeStaticInit(java.lang.Object, java.lang.Object, java.lang.Object)'> (0x00000000eb7ef650) 
thrown [e:\jenkins\tmp\workspace\build\src\src\hotspot\share\interpreter\linkResolver.cpp, line 766]
Event: 9.240 Thread 0x0000015dbf740e70 Exception <a 'java/lang/NoSuchMethodError'{0x00000000eb964b30}: 'org.slf4j.impl.StaticMDCBinder org.slf4j.impl.StaticMDCBinder.getSingleton()'> (0x00000000eb964b30) 
thrown [e:\jenkins\tmp\workspace\build\src\src\hotspot\share\interpreter\linkResolver.cpp, line 766]
Event: 9.308 Thread 0x0000015dbf740e70 Exception <a 'java/io/FileNotFoundException'{0x00000000ebb8abd0}> (0x00000000ebb8abd0) 
thrown [e:\jenkins\tmp\workspace\build\src\src\hotspot\share\prims\jni.cpp, line 516]
Event: 9.340 Thread 0x0000015dbf740e70 Exception <a 'java/io/FileNotFoundException'{0x00000000ebcc2f78}> (0x00000000ebcc2f78) 
thrown [e:\jenkins\tmp\workspace\build\src\src\hotspot\share\prims\jni.cpp, line 516]

VM Operations (20 events):
Event: 7.305 Executing VM operation: HandshakeAllThreads
Event: 7.305 Executing VM operation: HandshakeAllThreads done
Event: 7.308 Executing VM operation: HandshakeAllThreads
Event: 7.309 Executing VM operation: HandshakeAllThreads done
Event: 7.615 Executing VM operation: ICBufferFull
Event: 7.615 Executing VM operation: ICBufferFull done
Event: 7.658 Executing VM operation: ParallelGCFailedAllocation
Event: 7.667 Executing VM operation: ParallelGCFailedAllocation done
Event: 7.761 Executing VM operation: CollectForMetadataAllocation
Event: 7.790 Executing VM operation: CollectForMetadataAllocation done
Event: 8.257 Executing VM operation: HandshakeAllThreads
Event: 8.257 Executing VM operation: HandshakeAllThreads done
Event: 8.261 Executing VM operation: HandshakeAllThreads
Event: 8.261 Executing VM operation: HandshakeAllThreads done
Event: 8.376 Executing VM operation: HandshakeAllThreads
Event: 8.376 Executing VM operation: HandshakeAllThreads done
Event: 8.396 Executing VM operation: HandshakeAllThreads
Event: 8.396 Executing VM operation: HandshakeAllThreads done
Event: 8.460 Executing VM operation: ParallelGCFailedAllocation
Event: 8.463 Executing VM operation: ParallelGCFailedAllocation done

Events (20 events):
Event: 9.352 loading class java/io/FileReader
Event: 9.352 loading class java/io/FileReader done
Event: 9.360 loading class javax/crypto/IllegalBlockSizeException
Event: 9.360 loading class javax/crypto/IllegalBlockSizeException done
Event: 9.363 loading class java/security/spec/InvalidParameterSpecException
Event: 9.363 loading class java/security/spec/InvalidParameterSpecException done
Event: 9.363 loading class java/security/InvalidAlgorithmParameterException
Event: 9.363 loading class java/security/InvalidAlgorithmParameterException done
Event: 9.363 loading class java/security/spec/InvalidKeySpecException
Event: 9.363 loading class java/security/spec/InvalidKeySpecException done
Event: 9.363 loading class javax/crypto/NoSuchPaddingException
Event: 9.363 loading class javax/crypto/NoSuchPaddingException done
Event: 9.365 loading class javax/crypto/spec/PBEKeySpec
Event: 9.365 loading class javax/crypto/spec/PBEKeySpec done
Event: 9.367 loading class sun/net/ProgressMonitor
Event: 9.367 loading class sun/net/ProgressMonitor done
Event: 9.367 loading class sun/net/DefaultProgressMeteringPolicy
Event: 9.367 loading class sun/net/ProgressMeteringPolicy
Event: 9.367 loading class sun/net/ProgressMeteringPolicy done
Event: 9.368 loading class sun/net/DefaultProgressMeteringPolicy done


Dynamic libraries:
0x00007ff60d660000 - 0x00007ff60d66e000 	c:\Users\hyunwoo.kim\.vscode\extensions\redhat.java-1.3.0\jre\17.0.1-win32-x86_64\bin\java.exe
0x00007ffce4890000 - 0x00007ffce4a85000 	C:\WINDOWS\SYSTEM32\ntdll.dll
0x00007ffce39c0000 - 0x00007ffce3a7e000 	C:\WINDOWS\System32\KERNEL32.DLL
0x00007ffce2100000 - 0x00007ffce23c8000 	C:\WINDOWS\System32\KERNELBASE.dll
0x00007ffce2460000 - 0x00007ffce2560000 	C:\WINDOWS\System32\ucrtbase.dll
0x00007ffcc7a00000 - 0x00007ffcc7a18000 	c:\Users\hyunwoo.kim\.vscode\extensions\redhat.java-1.3.0\jre\17.0.1-win32-x86_64\bin\jli.dll
0x00007ffce3c40000 - 0x00007ffce3de1000 	C:\WINDOWS\System32\USER32.dll
0x00007ffce1fa0000 - 0x00007ffce1fc2000 	C:\WINDOWS\System32\win32u.dll
0x00007ffce4270000 - 0x00007ffce429b000 	C:\WINDOWS\System32\GDI32.dll
0x00007ffce25b0000 - 0x00007ffce26bd000 	C:\WINDOWS\System32\gdi32full.dll
0x00007ffcc70f0000 - 0x00007ffcc7109000 	c:\Users\hyunwoo.kim\.vscode\extensions\redhat.java-1.3.0\jre\17.0.1-win32-x86_64\bin\VCRUNTIME140.dll
0x00007ffce1fd0000 - 0x00007ffce206d000 	C:\WINDOWS\System32\msvcp_win.dll
0x00007ffccb800000 - 0x00007ffccba9a000 	C:\WINDOWS\WinSxS\amd64_microsoft.windows.common-controls_6595b64144ccf1df_6.0.19041.1110_none_60b5254171f9507e\COMCTL32.dll
0x00007ffce4040000 - 0x00007ffce40de000 	C:\WINDOWS\System32\msvcrt.dll
0x00007ffce36f0000 - 0x00007ffce3720000 	C:\WINDOWS\System32\IMM32.DLL
0x00007ffccc480000 - 0x00007ffccc48c000 	c:\Users\hyunwoo.kim\.vscode\extensions\redhat.java-1.3.0\jre\17.0.1-win32-x86_64\bin\vcruntime140_1.dll
0x00007ffca68d0000 - 0x00007ffca6961000 	c:\Users\hyunwoo.kim\.vscode\extensions\redhat.java-1.3.0\jre\17.0.1-win32-x86_64\bin\msvcp140.dll
0x00007ffc83430000 - 0x00007ffc84076000 	c:\Users\hyunwoo.kim\.vscode\extensions\redhat.java-1.3.0\jre\17.0.1-win32-x86_64\bin\server\jvm.dll
0x00007ffce35e0000 - 0x00007ffce368c000 	C:\WINDOWS\System32\ADVAPI32.dll
0x00007ffce3df0000 - 0x00007ffce3e8b000 	C:\WINDOWS\System32\sechost.dll
0x00007ffce40e0000 - 0x00007ffce420a000 	C:\WINDOWS\System32\RPCRT4.dll
0x00007ffce3a80000 - 0x00007ffce3a88000 	C:\WINDOWS\System32\PSAPI.DLL
0x00007ffcc7160000 - 0x00007ffcc7169000 	C:\WINDOWS\SYSTEM32\WSOCK32.dll
0x00007ffce3bd0000 - 0x00007ffce3c3b000 	C:\WINDOWS\System32\WS2_32.dll
0x00007ffcca770000 - 0x00007ffcca797000 	C:\WINDOWS\SYSTEM32\WINMM.dll
0x00007ffce0df0000 - 0x00007ffce0dfa000 	C:\WINDOWS\SYSTEM32\VERSION.dll
0x00007ffce0620000 - 0x00007ffce0632000 	C:\WINDOWS\SYSTEM32\kernel.appcore.dll
0x00007ffccc2c0000 - 0x00007ffccc2ca000 	c:\Users\hyunwoo.kim\.vscode\extensions\redhat.java-1.3.0\jre\17.0.1-win32-x86_64\bin\jimage.dll
0x00007ffcdfb10000 - 0x00007ffcdfcf4000 	C:\WINDOWS\SYSTEM32\DBGHELP.DLL
0x00007ffcdeee0000 - 0x00007ffcdef0c000 	C:\WINDOWS\SYSTEM32\dbgcore.DLL
0x00007ffce2070000 - 0x00007ffce20f2000 	C:\WINDOWS\System32\bcryptPrimitives.dll
0x00007ffcb0730000 - 0x00007ffcb0755000 	c:\Users\hyunwoo.kim\.vscode\extensions\redhat.java-1.3.0\jre\17.0.1-win32-x86_64\bin\java.dll
0x00007ffcc2560000 - 0x00007ffcc2578000 	c:\Users\hyunwoo.kim\.vscode\extensions\redhat.java-1.3.0\jre\17.0.1-win32-x86_64\bin\zip.dll
0x00007ffce2e90000 - 0x00007ffce35d4000 	C:\WINDOWS\System32\SHELL32.dll
0x00007ffce0640000 - 0x00007ffce0dd4000 	C:\WINDOWS\SYSTEM32\windows.storage.dll
0x00007ffce43c0000 - 0x00007ffce4715000 	C:\WINDOWS\System32\combase.dll
0x00007ffce1840000 - 0x00007ffce186e000 	C:\WINDOWS\SYSTEM32\Wldp.dll
0x00007ffce3910000 - 0x00007ffce39bd000 	C:\WINDOWS\System32\SHCORE.dll
0x00007ffce4210000 - 0x00007ffce4265000 	C:\WINDOWS\System32\shlwapi.dll
0x00007ffce1ee0000 - 0x00007ffce1eff000 	C:\WINDOWS\SYSTEM32\profapi.dll
0x00007ffcbdfc0000 - 0x00007ffcbdfd9000 	C:\Users\hyunwoo.kim\.vscode\extensions\redhat.java-1.3.0\jre\17.0.1-win32-x86_64\bin\net.dll
0x00007ffcdd8b0000 - 0x00007ffcdd9bc000 	C:\WINDOWS\SYSTEM32\WINHTTP.dll
0x00007ffce1620000 - 0x00007ffce168a000 	C:\WINDOWS\system32\mswsock.dll
0x00007ffcbdc30000 - 0x00007ffcbdc45000 	C:\Users\hyunwoo.kim\.vscode\extensions\redhat.java-1.3.0\jre\17.0.1-win32-x86_64\bin\nio.dll
0x00007ffce1880000 - 0x00007ffce1898000 	C:\WINDOWS\SYSTEM32\CRYPTSP.dll
0x00007ffce0fc0000 - 0x00007ffce0ff4000 	C:\WINDOWS\system32\rsaenh.dll
0x00007ffce23d0000 - 0x00007ffce23f7000 	C:\WINDOWS\System32\bcrypt.dll
0x00007ffce1ea0000 - 0x00007ffce1ece000 	C:\WINDOWS\SYSTEM32\USERENV.dll
0x00007ffce17b0000 - 0x00007ffce17bc000 	C:\WINDOWS\SYSTEM32\CRYPTBASE.dll
0x00007ffce1330000 - 0x00007ffce136b000 	C:\WINDOWS\SYSTEM32\IPHLPAPI.DLL
0x00007ffce42a0000 - 0x00007ffce42a8000 	C:\WINDOWS\System32\NSI.dll
0x00007ffcd8e20000 - 0x00007ffcd8e37000 	C:\WINDOWS\SYSTEM32\dhcpcsvc6.DLL
0x00007ffcd8e00000 - 0x00007ffcd8e1d000 	C:\WINDOWS\SYSTEM32\dhcpcsvc.DLL
0x00007ffce1370000 - 0x00007ffce143b000 	C:\WINDOWS\SYSTEM32\DNSAPI.dll
0x00007ffcaffb0000 - 0x00007ffcaffee000 	C:\Users\hyunwoo.kim\AppData\Roaming\Code\User\globalStorage\redhat.java\1.3.0\config_win\org.eclipse.equinox.launcher\org.eclipse.equinox.launcher.win32.win32.x86_64_1.2.400.v20211117-0650\eclipse_11602.dll
0x00007ffce4720000 - 0x00007ffce484a000 	C:\WINDOWS\System32\ole32.dll
0x00007ffccc280000 - 0x00007ffccc290000 	c:\Users\hyunwoo.kim\.vscode\extensions\redhat.java-1.3.0\jre\17.0.1-win32-x86_64\bin\verify.dll
0x00007ffca7e90000 - 0x00007ffca7ea1000 	C:\Users\hyunwoo.kim\AppData\Roaming\Code\User\globalStorage\redhat.java\1.3.0\config_win\org.eclipse.osgi\22\0\.cp\jWinHttp-1.0.0.dll

dbghelp: loaded successfully - version: 4.0.5 - missing functions: none
symbol engine: initialized successfully - sym options: 0x614 - pdb path: .;c:\Users\hyunwoo.kim\.vscode\extensions\redhat.java-1.3.0\jre\17.0.1-win32-x86_64\bin;C:\WINDOWS\SYSTEM32;C:\WINDOWS\WinSxS\amd64_microsoft.windows.common-controls_6595b64144ccf1df_6.0.19041.1110_none_60b5254171f9507e;c:\Users\hyunwoo.kim\.vscode\extensions\redhat.java-1.3.0\jre\17.0.1-win32-x86_64\bin\server;C:\Users\hyunwoo.kim\AppData\Roaming\Code\User\globalStorage\redhat.java\1.3.0\config_win\org.eclipse.equinox.launcher\org.eclipse.equinox.launcher.win32.win32.x86_64_1.2.400.v20211117-0650;C:\Users\hyunwoo.kim\AppData\Roaming\Code\User\globalStorage\redhat.java\1.3.0\config_win\org.eclipse.osgi\22\0\.cp

VM Arguments:
jvm_args: -Djava.net.preferIPv4Stack=true --add-modules=ALL-SYSTEM --add-opens=java.base/java.util=ALL-UNNAMED --add-opens=java.base/java.lang=ALL-UNNAMED --add-opens=java.base/sun.nio.fs=ALL-UNNAMED -Declipse.application=org.eclipse.jdt.ls.core.id1 -Dosgi.bundles.defaultStartLevel=4 -Declipse.product=org.eclipse.jdt.ls.core.product -Djava.import.generatesMetadataFilesAtProjectRoot=false -Dfile.encoding=utf8 -DwatchParentProcess=false -XX:+UseParallelGC -XX:GCTimeRatio=4 -XX:AdaptiveSizePolicyWeight=90 -Dsun.zip.disableMemoryMapping=true -Xmx1G -Xms100m -XX:+HeapDumpOnOutOfMemoryError -XX:HeapDumpPath=c:\Users\hyunwoo.kim\AppData\Roaming\Code\User\workspaceStorage\88ffa087aa05f331ed0f7280dd86b2ff\redhat.java 
java_command: c:\Users\hyunwoo.kim\.vscode\extensions\redhat.java-1.3.0\server\plugins\org.eclipse.equinox.launcher_1.6.400.v20210924-0641.jar -configuration c:\Users\hyunwoo.kim\AppData\Roaming\Code\User\globalStorage\redhat.java\1.3.0\config_win -data c:\Users\hyunwoo.kim\AppData\Roaming\Code\User\workspaceStorage\88ffa087aa05f331ed0f7280dd86b2ff\redhat.java\jdt_ws
java_class_path (initial): c:\Users\hyunwoo.kim\.vscode\extensions\redhat.java-1.3.0\server\plugins\org.eclipse.equinox.launcher_1.6.400.v20210924-0641.jar
Launcher Type: SUN_STANDARD

[Global flags]
    uintx AdaptiveSizePolicyWeight                 = 90                                        {product} {command line}
     intx CICompilerCount                          = 4                                         {product} {ergonomic}
    uintx GCTimeRatio                              = 4                                         {product} {command line}
     bool HeapDumpOnOutOfMemoryError               = true                                   {manageable} {command line}
    ccstr HeapDumpPath                             = c:\Users\hyunwoo.kim\AppData\Roaming\Code\User\workspaceStorage\88ffa087aa05f331ed0f7280dd86b2ff\redhat.java         {manageable} {command line}
   size_t InitialHeapSize                          = 104857600                                 {product} {command line}
   size_t MaxHeapSize                              = 1073741824                                {product} {command line}
   size_t MaxNewSize                               = 357564416                                 {product} {ergonomic}
   size_t MinHeapDeltaBytes                        = 524288                                    {product} {ergonomic}
   size_t MinHeapSize                              = 104857600                                 {product} {command line}
   size_t NewSize                                  = 34603008                                  {product} {ergonomic}
    uintx NonNMethodCodeHeapSize                   = 5839372                                {pd product} {ergonomic}
    uintx NonProfiledCodeHeapSize                  = 122909434                              {pd product} {ergonomic}
   size_t OldSize                                  = 70254592                                  {product} {ergonomic}
    uintx ProfiledCodeHeapSize                     = 122909434                              {pd product} {ergonomic}
    uintx ReservedCodeCacheSize                    = 251658240                              {pd product} {ergonomic}
     bool SegmentedCodeCache                       = true                                      {product} {ergonomic}
   size_t SoftMaxHeapSize                          = 1073741824                             {manageable} {ergonomic}
     bool UseCompressedClassPointers               = true                           {product lp64_product} {ergonomic}
     bool UseCompressedOops                        = true                           {product lp64_product} {ergonomic}
     bool UseLargePagesIndividualAllocation        = false                                  {pd product} {ergonomic}
     bool UseParallelGC                            = true                                      {product} {command line}

Logging:
Log output configuration:
 #0: stdout all=warning uptime,level,tags
 #1: stderr all=off uptime,level,tags

Environment Variables:
JAVA_HOME=C:\Program Files\Java\jdk1.8.0_271
JAVA_TOOL_OPTIONS=-Djava.net.preferIPv4Stack=true
PATH=D:\dev\jdk\jdk11\bin;C:\Program Files (x86)\Common Files\Oracle\Java\javapath;C:\WINDOWS\Softcamp\SDK;C:\WINDOWS\Softcamp\SDS\x64;C:\WINDOWS\Softcamp\SDS;D:\app\hyunwoo.kim\product\11.2.0\dbhome_1\bin;C:\Program Files (x86)\Intel\Intel(R) Management Engine Components\iCLS\;C:\Program Files\Intel\Intel(R) Management Engine Components\iCLS\;C:\WINDOWS\system32;C:\WINDOWS;C:\WINDOWS\System32\Wbem;C:\WINDOWS\System32\WindowsPowerShell\v1.0\;C:\Program Files (x86)\Intel\Intel(R) Management Engine Components\DAL;C:\Program Files\Intel\Intel(R) Management Engine Components\DAL;C:\WINDOWS\System32\OpenSSH\;C:\Program Files\Java\jdk1.8.0_271\bin;D:\dev\maven\bin;D:\dev\antbin;D:\ProgramFiles\Putty\;C:\Program Files\nodejs\;C:\Program Files\Go\bin;D:\ProgramFiles\Git\cmd;D:\ProgramFiles\spring-2.2.6.RELEASE\bin;D:\ProgramFiles\gradle\gradle-7.1\bin;C:\Program Files\bin;C:\Program Files\dotnet\;C:\Program Files\Docker\Docker\resources\bin;C:\ProgramData\DockerDesktop\version-bin;C:\Program Files\Bandizip\;C:\Users\hyunwoo.kim\AppData\Local\Microsoft\WindowsApps;D:\ProgramFiles\Fiddler;D:\dev\ide\Microsoft VS Code\bin;C:\Users\hyunwoo.kim\AppData\Roaming\npm;C:\Users\hyunwoo.kim\go\bin;;C:\Users\hyunwoo.kim\AppData\Local\cloud-code\installer\google-cloud-sdk\bin;C:\Users\hyunwoo.kim\AppData\Local\Google\Cloud SDK\google-cloud-sdk\bin;C:\Program Files (x86)\Google\Cloud SDK\google-cloud-sdk\bin;C:\Program Files\Google\Cloud SDK\google-cloud-sdk\bin
USERNAME=hyunwoo.kim
OS=Windows_NT
PROCESSOR_IDENTIFIER=Intel64 Family 6 Model 142 Stepping 11, GenuineIntel



---------------  S Y S T E M  ---------------

OS:
 Windows 10 , 64 bit Build 19041 (10.0.19041.1348)
OS uptime: 1 days 8:25 hours
Hyper-V role detected

CPU: total 8 (initial active 8) (4 cores per cpu, 2 threads per core) family 6 model 142 stepping 11 microcode 0xae, cx8, cmov, fxsr, ht, mmx, 3dnowpref, sse, sse2, sse3, ssse3, sse4.1, sse4.2, popcnt, lzcnt, tsc, tscinvbit, avx, avx2, aes, erms, clmul, bmi1, bmi2, adx, fma, vzeroupper, clflush, clflushopt, hv

Memory: 4k page, system-wide physical 16178M (1487M free)
TotalPageFile size 27675M (AvailPageFile size 10M)
current process WorkingSet (physical memory assigned to process): 145M, peak: 145M
current process commit charge ("private bytes"): 249M, peak: 249M

vm_info: OpenJDK 64-Bit Server VM (17.0.1+12) for windows-amd64 JRE (17.0.1+12), built on Oct 20 2021 07:42:55 by "" with MS VC++ 16.7 (VS2019)

END.
